{"/home/bhd/Documents/Projects/bhd/pi-gitnexus/src/augment-remote.ts": {"path":"/home/bhd/Documents/Projects/bhd/pi-gitnexus/src/augment-remote.ts","statementMap":{"0":{"start":{"line":8,"column":23},"end":{"line":8,"column":72}},"1":{"start":{"line":13,"column":19},"end":{"line":13,"column":36}},"2":{"start":{"line":17,"column":2},"end":{"line":17,"column":null}},"3":{"start":{"line":18,"column":2},"end":{"line":18,"column":null}},"4":{"start":{"line":30,"column":14},"end":{"line":30,"column":35}},"5":{"start":{"line":31,"column":14},"end":{"line":31,"column":31}},"6":{"start":{"line":34,"column":17},"end":{"line":34,"column":40}},"7":{"start":{"line":35,"column":2},"end":{"line":36,"column":null}},"8":{"start":{"line":36,"column":4},"end":{"line":36,"column":null}},"9":{"start":{"line":40,"column":2},"end":{"line":41,"column":null}},"10":{"start":{"line":41,"column":4},"end":{"line":41,"column":null}},"11":{"start":{"line":44,"column":2},"end":{"line":61,"column":null}},"12":{"start":{"line":46,"column":33},"end":{"line":46,"column":null}},"13":{"start":{"line":47,"column":19},"end":{"line":47,"column":48}},"14":{"start":{"line":48,"column":19},"end":{"line":48,"column":62}},"15":{"start":{"line":50,"column":19},"end":{"line":50,"column":92}},"16":{"start":{"line":52,"column":4},"end":{"line":57,"column":null}},"17":{"start":{"line":53,"column":6},"end":{"line":53,"column":null}},"18":{"start":{"line":54,"column":6},"end":{"line":54,"column":null}},"19":{"start":{"line":56,"column":6},"end":{"line":56,"column":null}},"20":{"start":{"line":57,"column":6},"end":{"line":57,"column":null}},"21":{"start":{"line":60,"column":4},"end":{"line":60,"column":null}},"22":{"start":{"line":61,"column":4},"end":{"line":61,"column":null}}},"fnMap":{"0":{"name":"clearAugmentCache","decl":{"start":{"line":16,"column":16},"end":{"line":16,"column":42}},"loc":{"start":{"line":16,"column":42},"end":{"line":18,"column":null}},"line":16},"1":{"name":"augmentRemote","decl":{"start":{"line":29,"column":22},"end":{"line":29,"column":36}},"loc":{"start":{"line":29,"column":103},"end":{"line":61,"column":null}},"line":29}},"branchMap":{"0":{"loc":{"start":{"line":35,"column":2},"end":{"line":36,"column":null}},"type":"if","locations":[{"start":{"line":35,"column":2},"end":{"line":36,"column":null}},{"start":{},"end":{}}],"line":35},"1":{"loc":{"start":{"line":35,"column":6},"end":{"line":35,"column":41}},"type":"binary-expr","locations":[{"start":{"line":35,"column":6},"end":{"line":35,"column":17}},{"start":{"line":35,"column":17},"end":{"line":35,"column":41}}],"line":35},"2":{"loc":{"start":{"line":40,"column":2},"end":{"line":41,"column":null}},"type":"if","locations":[{"start":{"line":40,"column":2},"end":{"line":41,"column":null}},{"start":{},"end":{}}],"line":40},"3":{"loc":{"start":{"line":52,"column":4},"end":{"line":57,"column":null}},"type":"if","locations":[{"start":{"line":52,"column":4},"end":{"line":57,"column":null}},{"start":{"line":55,"column":11},"end":{"line":57,"column":null}}],"line":52}},"s":{"0":1,"1":1,"2":8,"3":8,"4":11,"5":11,"6":11,"7":11,"8":2,"9":9,"10":1,"11":8,"12":8,"13":8,"14":8,"15":8,"16":7,"17":6,"18":6,"19":1,"20":1,"21":1,"22":1},"f":{"0":8,"1":11},"b":{"0":[2,9],"1":[11,2],"2":[1,8],"3":[6,1]},"meta":{"lastBranch":4,"lastFunction":2,"lastStatement":23,"seen":{"s:8:23:8:72":0,"s:13:19:13:36":1,"f:16:16:16:42":0,"s:17:2:17:Infinity":2,"s:18:2:18:Infinity":3,"f:29:22:29:36":1,"s:30:14:30:35":4,"s:31:14:31:31":5,"s:34:17:34:40":6,"b:35:2:36:Infinity:undefined:undefined:undefined:undefined":0,"s:35:2:36:Infinity":7,"b:35:6:35:17:35:17:35:41":1,"s:36:4:36:Infinity":8,"b:40:2:41:Infinity:undefined:undefined:undefined:undefined":2,"s:40:2:41:Infinity":9,"s:41:4:41:Infinity":10,"s:44:2:61:Infinity":11,"s:46:33:46:Infinity":12,"s:47:19:47:48":13,"s:48:19:48:62":14,"s:50:19:50:92":15,"b:52:4:57:Infinity:55:11:57:Infinity":3,"s:52:4:57:Infinity":16,"s:53:6:53:Infinity":17,"s:54:6:54:Infinity":18,"s:56:6:56:Infinity":19,"s:57:6:57:Infinity":20,"s:60:4:60:Infinity":21,"s:61:4:61:Infinity":22}}}
,"/home/bhd/Documents/Projects/bhd/pi-gitnexus/src/gitnexus.ts": {"path":"/home/bhd/Documents/Projects/bhd/pi-gitnexus/src/gitnexus.ts","statementMap":{"0":{"start":{"line":7,"column":32},"end":{"line":7,"column":null}},"1":{"start":{"line":15,"column":41},"end":{"line":15,"column":null}},"2":{"start":{"line":16,"column":63},"end":{"line":16,"column":null}},"3":{"start":{"line":22,"column":35},"end":{"line":22,"column":47}},"4":{"start":{"line":23,"column":54},"end":{"line":23,"column":null}},"5":{"start":{"line":25,"column":6},"end":{"line":25,"column":62}},"6":{"start":{"line":50,"column":2},"end":{"line":50,"column":null}},"7":{"start":{"line":50,"column":64},"end":{"line":50,"column":null}},"8":{"start":{"line":51,"column":2},"end":{"line":51,"column":null}},"9":{"start":{"line":55,"column":34},"end":{"line":55,"column":null}},"10":{"start":{"line":58,"column":2},"end":{"line":73,"column":null}},"11":{"start":{"line":59,"column":16},"end":{"line":59,"column":61}},"12":{"start":{"line":61,"column":20},"end":{"line":61,"column":null}},"13":{"start":{"line":62,"column":19},"end":{"line":62,"column":null}},"14":{"start":{"line":63,"column":4},"end":{"line":71,"column":null}},"15":{"start":{"line":73,"column":4},"end":{"line":73,"column":null}},"16":{"start":{"line":78,"column":2},"end":{"line":81,"column":null}},"17":{"start":{"line":79,"column":4},"end":{"line":79,"column":null}},"18":{"start":{"line":80,"column":4},"end":{"line":80,"column":null}},"19":{"start":{"line":85,"column":14},"end":{"line":85,"column":null}},"20":{"start":{"line":86,"column":2},"end":{"line":86,"column":null}},"21":{"start":{"line":90,"column":2},"end":{"line":90,"column":null}},"22":{"start":{"line":94,"column":2},"end":{"line":96,"column":null}},"23":{"start":{"line":100,"column":32},"end":{"line":100,"column":null}},"24":{"start":{"line":103,"column":21},"end":{"line":103,"column":null}},"25":{"start":{"line":106,"column":2},"end":{"line":106,"column":null}},"26":{"start":{"line":111,"column":23},"end":{"line":111,"column":55}},"27":{"start":{"line":115,"column":2},"end":{"line":115,"column":null}},"28":{"start":{"line":115,"column":31},"end":{"line":115,"column":null}},"29":{"start":{"line":116,"column":12},"end":{"line":116,"column":null}},"30":{"start":{"line":117,"column":2},"end":{"line":124,"column":null}},"31":{"start":{"line":118,"column":4},"end":{"line":120,"column":null}},"32":{"start":{"line":119,"column":6},"end":{"line":119,"column":null}},"33":{"start":{"line":120,"column":6},"end":{"line":120,"column":null}},"34":{"start":{"line":122,"column":10},"end":{"line":122,"column":37}},"35":{"start":{"line":123,"column":4},"end":{"line":123,"column":null}},"36":{"start":{"line":123,"column":24},"end":{"line":123,"column":null}},"37":{"start":{"line":124,"column":4},"end":{"line":124,"column":null}},"38":{"start":{"line":126,"column":2},"end":{"line":126,"column":null}},"39":{"start":{"line":127,"column":2},"end":{"line":127,"column":null}},"40":{"start":{"line":131,"column":2},"end":{"line":131,"column":null}},"41":{"start":{"line":136,"column":2},"end":{"line":136,"column":null}},"42":{"start":{"line":140,"column":24},"end":{"line":144,"column":2}},"43":{"start":{"line":152,"column":19},"end":{"line":152,"column":51}},"44":{"start":{"line":153,"column":28},"end":{"line":153,"column":null}},"45":{"start":{"line":154,"column":2},"end":{"line":157,"column":null}},"46":{"start":{"line":155,"column":18},"end":{"line":155,"column":42}},"47":{"start":{"line":156,"column":4},"end":{"line":157,"column":null}},"48":{"start":{"line":157,"column":6},"end":{"line":157,"column":null}},"49":{"start":{"line":157,"column":47},"end":{"line":157,"column":null}},"50":{"start":{"line":160,"column":2},"end":{"line":160,"column":null}},"51":{"start":{"line":169,"column":27},"end":{"line":169,"column":29}},"52":{"start":{"line":170,"column":16},"end":{"line":170,"column":null}},"53":{"start":{"line":171,"column":17},"end":{"line":171,"column":null}},"54":{"start":{"line":172,"column":17},"end":{"line":172,"column":null}},"55":{"start":{"line":174,"column":8},"end":{"line":174,"column":null}},"56":{"start":{"line":174,"column":24},"end":{"line":174,"column":null}},"57":{"start":{"line":174,"column":39},"end":{"line":174,"column":61}},"58":{"start":{"line":174,"column":61},"end":{"line":174,"column":null}},"59":{"start":{"line":176,"column":2},"end":{"line":208,"column":null}},"60":{"start":{"line":176,"column":15},"end":{"line":176,"column":18}},"61":{"start":{"line":177,"column":15},"end":{"line":177,"column":null}},"62":{"start":{"line":179,"column":4},"end":{"line":181,"column":null}},"63":{"start":{"line":180,"column":6},"end":{"line":180,"column":null}},"64":{"start":{"line":180,"column":24},"end":{"line":180,"column":49}},"65":{"start":{"line":180,"column":51},"end":{"line":180,"column":null}},"66":{"start":{"line":181,"column":6},"end":{"line":181,"column":null}},"67":{"start":{"line":183,"column":4},"end":{"line":185,"column":null}},"68":{"start":{"line":184,"column":6},"end":{"line":184,"column":null}},"69":{"start":{"line":184,"column":24},"end":{"line":184,"column":49}},"70":{"start":{"line":184,"column":51},"end":{"line":184,"column":null}},"71":{"start":{"line":185,"column":6},"end":{"line":185,"column":null}},"72":{"start":{"line":189,"column":4},"end":{"line":193,"column":null}},"73":{"start":{"line":190,"column":6},"end":{"line":190,"column":null}},"74":{"start":{"line":191,"column":6},"end":{"line":191,"column":null}},"75":{"start":{"line":192,"column":6},"end":{"line":192,"column":null}},"76":{"start":{"line":192,"column":44},"end":{"line":192,"column":null}},"77":{"start":{"line":193,"column":6},"end":{"line":193,"column":null}},"78":{"start":{"line":195,"column":4},"end":{"line":199,"column":null}},"79":{"start":{"line":196,"column":6},"end":{"line":196,"column":null}},"80":{"start":{"line":197,"column":6},"end":{"line":197,"column":null}},"81":{"start":{"line":198,"column":6},"end":{"line":198,"column":null}},"82":{"start":{"line":199,"column":6},"end":{"line":199,"column":null}},"83":{"start":{"line":202,"column":4},"end":{"line":202,"column":null}},"84":{"start":{"line":202,"column":22},"end":{"line":202,"column":39}},"85":{"start":{"line":202,"column":39},"end":{"line":202,"column":null}},"86":{"start":{"line":203,"column":4},"end":{"line":203,"column":null}},"87":{"start":{"line":203,"column":22},"end":{"line":203,"column":39}},"88":{"start":{"line":203,"column":39},"end":{"line":203,"column":null}},"89":{"start":{"line":205,"column":4},"end":{"line":208,"column":null}},"90":{"start":{"line":206,"column":6},"end":{"line":206,"column":null}},"91":{"start":{"line":208,"column":6},"end":{"line":208,"column":null}},"92":{"start":{"line":211,"column":2},"end":{"line":211,"column":null}},"93":{"start":{"line":212,"column":2},"end":{"line":212,"column":null}},"94":{"start":{"line":226,"column":31},"end":{"line":226,"column":null}},"95":{"start":{"line":228,"column":2},"end":{"line":288,"column":null}},"96":{"start":{"line":229,"column":16},"end":{"line":229,"column":null}},"97":{"start":{"line":230,"column":4},"end":{"line":230,"column":null}},"98":{"start":{"line":231,"column":13},"end":{"line":288,"column":null}},"99":{"start":{"line":234,"column":6},"end":{"line":237,"column":null}},"100":{"start":{"line":238,"column":4},"end":{"line":240,"column":null}},"101":{"start":{"line":239,"column":12},"end":{"line":239,"column":79}},"102":{"start":{"line":240,"column":6},"end":{"line":240,"column":null}},"103":{"start":{"line":242,"column":13},"end":{"line":288,"column":null}},"104":{"start":{"line":243,"column":16},"end":{"line":243,"column":null}},"105":{"start":{"line":244,"column":19},"end":{"line":244,"column":39}},"106":{"start":{"line":245,"column":19},"end":{"line":245,"column":null}},"107":{"start":{"line":246,"column":23},"end":{"line":246,"column":null}},"108":{"start":{"line":247,"column":4},"end":{"line":282,"column":null}},"109":{"start":{"line":247,"column":17},"end":{"line":247,"column":20}},"110":{"start":{"line":248,"column":18},"end":{"line":248,"column":null}},"111":{"start":{"line":251,"column":6},"end":{"line":251,"column":null}},"112":{"start":{"line":251,"column":25},"end":{"line":251,"column":43}},"113":{"start":{"line":251,"column":43},"end":{"line":251,"column":65}},"114":{"start":{"line":251,"column":65},"end":{"line":251,"column":null}},"115":{"start":{"line":254,"column":6},"end":{"line":254,"column":null}},"116":{"start":{"line":254,"column":44},"end":{"line":254,"column":61}},"117":{"start":{"line":254,"column":61},"end":{"line":254,"column":83}},"118":{"start":{"line":254,"column":83},"end":{"line":254,"column":null}},"119":{"start":{"line":255,"column":6},"end":{"line":258,"column":null}},"120":{"start":{"line":256,"column":8},"end":{"line":256,"column":null}},"121":{"start":{"line":256,"column":33},"end":{"line":256,"column":null}},"122":{"start":{"line":257,"column":8},"end":{"line":257,"column":null}},"123":{"start":{"line":258,"column":8},"end":{"line":258,"column":null}},"124":{"start":{"line":262,"column":6},"end":{"line":263,"column":null}},"125":{"start":{"line":263,"column":8},"end":{"line":263,"column":29}},"126":{"start":{"line":263,"column":29},"end":{"line":263,"column":47}},"127":{"start":{"line":263,"column":47},"end":{"line":263,"column":null}},"128":{"start":{"line":265,"column":6},"end":{"line":274,"column":null}},"129":{"start":{"line":266,"column":8},"end":{"line":266,"column":null}},"130":{"start":{"line":266,"column":33},"end":{"line":266,"column":null}},"131":{"start":{"line":267,"column":14},"end":{"line":267,"column":32}},"132":{"start":{"line":268,"column":8},"end":{"line":270,"column":null}},"133":{"start":{"line":269,"column":10},"end":{"line":269,"column":null}},"134":{"start":{"line":270,"column":10},"end":{"line":270,"column":null}},"135":{"start":{"line":273,"column":8},"end":{"line":273,"column":null}},"136":{"start":{"line":274,"column":8},"end":{"line":274,"column":null}},"137":{"start":{"line":278,"column":6},"end":{"line":278,"column":null}},"138":{"start":{"line":278,"column":28},"end":{"line":278,"column":46}},"139":{"start":{"line":278,"column":46},"end":{"line":278,"column":68}},"140":{"start":{"line":278,"column":68},"end":{"line":278,"column":null}},"141":{"start":{"line":279,"column":6},"end":{"line":282,"column":null}},"142":{"start":{"line":280,"column":14},"end":{"line":280,"column":91}},"143":{"start":{"line":281,"column":8},"end":{"line":281,"column":null}},"144":{"start":{"line":281,"column":31},"end":{"line":281,"column":null}},"145":{"start":{"line":282,"column":8},"end":{"line":282,"column":null}},"146":{"start":{"line":285,"column":13},"end":{"line":288,"column":null}},"147":{"start":{"line":286,"column":16},"end":{"line":286,"column":null}},"148":{"start":{"line":287,"column":4},"end":{"line":288,"column":null}},"149":{"start":{"line":288,"column":6},"end":{"line":288,"column":null}},"150":{"start":{"line":292,"column":2},"end":{"line":292,"column":null}},"151":{"start":{"line":292,"column":38},"end":{"line":292,"column":null}},"152":{"start":{"line":293,"column":2},"end":{"line":293,"column":null}},"153":{"start":{"line":306,"column":15},"end":{"line":306,"column":32}},"154":{"start":{"line":307,"column":60},"end":{"line":307,"column":62}},"155":{"start":{"line":309,"column":8},"end":{"line":315,"column":null}},"156":{"start":{"line":310,"column":10},"end":{"line":310,"column":33}},"157":{"start":{"line":311,"column":4},"end":{"line":311,"column":null}},"158":{"start":{"line":311,"column":35},"end":{"line":311,"column":null}},"159":{"start":{"line":312,"column":10},"end":{"line":312,"column":60}},"160":{"start":{"line":313,"column":4},"end":{"line":313,"column":null}},"161":{"start":{"line":313,"column":49},"end":{"line":313,"column":null}},"162":{"start":{"line":314,"column":4},"end":{"line":314,"column":null}},"163":{"start":{"line":315,"column":4},"end":{"line":315,"column":null}},"164":{"start":{"line":319,"column":16},"end":{"line":319,"column":61}},"165":{"start":{"line":320,"column":2},"end":{"line":322,"column":null}},"166":{"start":{"line":321,"column":4},"end":{"line":322,"column":null}},"167":{"start":{"line":322,"column":6},"end":{"line":322,"column":null}},"168":{"start":{"line":327,"column":2},"end":{"line":331,"column":null}},"169":{"start":{"line":328,"column":17},"end":{"line":328,"column":58}},"170":{"start":{"line":328,"column":34},"end":{"line":328,"column":47}},"171":{"start":{"line":329,"column":4},"end":{"line":331,"column":null}},"172":{"start":{"line":330,"column":16},"end":{"line":330,"column":37}},"173":{"start":{"line":331,"column":6},"end":{"line":331,"column":null}},"174":{"start":{"line":331,"column":13},"end":{"line":331,"column":null}},"175":{"start":{"line":335,"column":2},"end":{"line":335,"column":null}},"176":{"start":{"line":347,"column":15},"end":{"line":347,"column":56}},"177":{"start":{"line":347,"column":32},"end":{"line":347,"column":45}},"178":{"start":{"line":348,"column":15},"end":{"line":348,"column":32}},"179":{"start":{"line":349,"column":28},"end":{"line":349,"column":30}},"180":{"start":{"line":350,"column":2},"end":{"line":359,"column":null}},"181":{"start":{"line":352,"column":14},"end":{"line":352,"column":48}},"182":{"start":{"line":353,"column":4},"end":{"line":353,"column":null}},"183":{"start":{"line":353,"column":12},"end":{"line":353,"column":null}},"184":{"start":{"line":354,"column":10},"end":{"line":354,"column":53}},"185":{"start":{"line":355,"column":4},"end":{"line":357,"column":null}},"186":{"start":{"line":356,"column":6},"end":{"line":356,"column":null}},"187":{"start":{"line":357,"column":6},"end":{"line":357,"column":null}},"188":{"start":{"line":359,"column":4},"end":{"line":359,"column":null}},"189":{"start":{"line":359,"column":33},"end":{"line":359,"column":null}},"190":{"start":{"line":361,"column":2},"end":{"line":361,"column":null}},"191":{"start":{"line":369,"column":8},"end":{"line":369,"column":37}},"192":{"start":{"line":370,"column":2},"end":{"line":370,"column":null}},"193":{"start":{"line":374,"column":19},"end":{"line":374,"column":50}},"194":{"start":{"line":375,"column":2},"end":{"line":375,"column":null}},"195":{"start":{"line":375,"column":17},"end":{"line":375,"column":null}},"196":{"start":{"line":376,"column":2},"end":{"line":376,"column":null}},"197":{"start":{"line":380,"column":21},"end":{"line":380,"column":64}},"198":{"start":{"line":381,"column":2},"end":{"line":381,"column":null}},"199":{"start":{"line":381,"column":47},"end":{"line":381,"column":null}},"200":{"start":{"line":382,"column":2},"end":{"line":382,"column":null}},"201":{"start":{"line":382,"column":89},"end":{"line":382,"column":null}},"202":{"start":{"line":383,"column":2},"end":{"line":383,"column":null}},"203":{"start":{"line":393,"column":2},"end":{"line":425,"column":null}},"204":{"start":{"line":395,"column":17},"end":{"line":395,"column":null}},"205":{"start":{"line":396,"column":15},"end":{"line":396,"column":null}},"206":{"start":{"line":398,"column":31},"end":{"line":398,"column":null}},"207":{"start":{"line":399,"column":10},"end":{"line":403,"column":6}},"208":{"start":{"line":405,"column":18},"end":{"line":411,"column":22}},"209":{"start":{"line":406,"column":6},"end":{"line":409,"column":null}},"210":{"start":{"line":407,"column":8},"end":{"line":407,"column":null}},"211":{"start":{"line":408,"column":8},"end":{"line":408,"column":null}},"212":{"start":{"line":409,"column":8},"end":{"line":409,"column":null}},"213":{"start":{"line":413,"column":4},"end":{"line":413,"column":null}},"214":{"start":{"line":413,"column":65},"end":{"line":413,"column":95}},"215":{"start":{"line":415,"column":4},"end":{"line":420,"column":null}},"216":{"start":{"line":416,"column":6},"end":{"line":416,"column":null}},"217":{"start":{"line":416,"column":16},"end":{"line":416,"column":null}},"218":{"start":{"line":417,"column":6},"end":{"line":417,"column":null}},"219":{"start":{"line":418,"column":6},"end":{"line":418,"column":null}},"220":{"start":{"line":419,"column":6},"end":{"line":419,"column":null}},"221":{"start":{"line":422,"column":4},"end":{"line":424,"column":null}},"222":{"start":{"line":423,"column":6},"end":{"line":423,"column":null}},"223":{"start":{"line":423,"column":19},"end":{"line":423,"column":32}},"224":{"start":{"line":423,"column":32},"end":{"line":423,"column":53}},"225":{"start":{"line":423,"column":53},"end":{"line":423,"column":null}}},"fnMap":{"0":{"name":"updateSpawnEnv","decl":{"start":{"line":16,"column":16},"end":{"line":16,"column":31}},"loc":{"start":{"line":16,"column":61},"end":{"line":16,"column":null}},"line":16},"1":{"name":"setGitnexusCmd","decl":{"start":{"line":23,"column":16},"end":{"line":23,"column":31}},"loc":{"start":{"line":23,"column":52},"end":{"line":23,"column":null}},"line":23},"2":{"name":"validateMcpMode","decl":{"start":{"line":49,"column":16},"end":{"line":49,"column":32}},"loc":{"start":{"line":49,"column":56},"end":{"line":51,"column":null}},"line":49},"3":{"name":"loadSavedConfig","decl":{"start":{"line":57,"column":16},"end":{"line":57,"column":50}},"loc":{"start":{"line":57,"column":50},"end":{"line":73,"column":null}},"line":57},"4":{"name":"saveConfig","decl":{"start":{"line":77,"column":16},"end":{"line":77,"column":27}},"loc":{"start":{"line":77,"column":57},"end":{"line":81,"column":null}},"line":77},"5":{"name":"resolveGitNexusCmd","decl":{"start":{"line":84,"column":16},"end":{"line":84,"column":35}},"loc":{"start":{"line":84,"column":98},"end":{"line":86,"column":null}},"line":84},"6":{"name":"normalizePathArg","decl":{"start":{"line":89,"column":16},"end":{"line":89,"column":33}},"loc":{"start":{"line":89,"column":55},"end":{"line":90,"column":null}},"line":89},"7":{"name":"expandUserPath","decl":{"start":{"line":93,"column":16},"end":{"line":93,"column":31}},"loc":{"start":{"line":93,"column":53},"end":{"line":96,"column":null}},"line":93},"8":{"name":"setAugmentTimeout","decl":{"start":{"line":105,"column":16},"end":{"line":105,"column":34}},"loc":{"start":{"line":105,"column":57},"end":{"line":106,"column":null}},"line":105},"9":{"name":"findGitNexusRoot","decl":{"start":{"line":114,"column":16},"end":{"line":114,"column":33}},"loc":{"start":{"line":114,"column":61},"end":{"line":127,"column":null}},"line":114},"10":{"name":"findGitNexusIndex","decl":{"start":{"line":130,"column":16},"end":{"line":130,"column":34}},"loc":{"start":{"line":130,"column":56},"end":{"line":131,"column":null}},"line":130},"11":{"name":"clearIndexCache","decl":{"start":{"line":135,"column":16},"end":{"line":135,"column":40}},"loc":{"start":{"line":135,"column":40},"end":{"line":136,"column":null}},"line":135},"12":{"name":"extractLiteralFromRegex","decl":{"start":{"line":151,"column":16},"end":{"line":151,"column":40}},"loc":{"start":{"line":151,"column":68},"end":{"line":160,"column":null}},"line":151},"13":{"name":"tokenizeBashCmd","decl":{"start":{"line":168,"column":9},"end":{"line":168,"column":25}},"loc":{"start":{"line":168,"column":48},"end":{"line":212,"column":null}},"line":168},"14":{"name":"(anonymous_14)","decl":{"start":{"line":174,"column":8},"end":{"line":174,"column":22}},"loc":{"start":{"line":174,"column":22},"end":{"line":174,"column":null}},"line":174},"15":{"name":"extractPattern","decl":{"start":{"line":225,"column":16},"end":{"line":225,"column":31}},"loc":{"start":{"line":225,"column":96},"end":{"line":293,"column":null}},"line":225},"16":{"name":"extractFilesFromReadMany","decl":{"start":{"line":302,"column":16},"end":{"line":302,"column":null}},"loc":{"start":{"line":305,"column":44},"end":{"line":335,"column":null}},"line":305},"17":{"name":"(anonymous_17)","decl":{"start":{"line":309,"column":8},"end":{"line":309,"column":15}},"loc":{"start":{"line":309,"column":36},"end":{"line":315,"column":null}},"line":309},"18":{"name":"(anonymous_18)","decl":{"start":{"line":328,"column":25},"end":{"line":328,"column":29}},"loc":{"start":{"line":328,"column":34},"end":{"line":328,"column":47}},"line":328},"19":{"name":"extractFilePatternsFromContent","decl":{"start":{"line":343,"column":16},"end":{"line":343,"column":null}},"loc":{"start":{"line":346,"column":12},"end":{"line":361,"column":null}},"line":346},"20":{"name":"(anonymous_20)","decl":{"start":{"line":347,"column":23},"end":{"line":347,"column":27}},"loc":{"start":{"line":347,"column":32},"end":{"line":347,"column":45}},"line":347},"21":{"name":"safeResolvePath","decl":{"start":{"line":368,"column":16},"end":{"line":368,"column":32}},"loc":{"start":{"line":368,"column":74},"end":{"line":370,"column":null}},"line":368},"22":{"name":"toRepoRelativePath","decl":{"start":{"line":373,"column":16},"end":{"line":373,"column":35}},"loc":{"start":{"line":373,"column":82},"end":{"line":376,"column":null}},"line":373},"23":{"name":"validateRepoRelativePath","decl":{"start":{"line":379,"column":16},"end":{"line":379,"column":41}},"loc":{"start":{"line":379,"column":70},"end":{"line":383,"column":null}},"line":379},"24":{"name":"runAugment","decl":{"start":{"line":392,"column":22},"end":{"line":392,"column":33}},"loc":{"start":{"line":392,"column":80},"end":{"line":425,"column":null}},"line":392},"25":{"name":"(anonymous_25)","decl":{"start":{"line":393,"column":13},"end":{"line":393,"column":22}},"loc":{"start":{"line":393,"column":35},"end":{"line":425,"column":null}},"line":393},"26":{"name":"(anonymous_26)","decl":{"start":{"line":405,"column":18},"end":{"line":405,"column":35}},"loc":{"start":{"line":405,"column":35},"end":{"line":411,"column":22}},"line":405},"27":{"name":"(anonymous_27)","decl":{"start":{"line":413,"column":20},"end":{"line":413,"column":29}},"loc":{"start":{"line":413,"column":63},"end":{"line":413,"column":null}},"line":413},"28":{"name":"(anonymous_28)","decl":{"start":{"line":415,"column":12},"end":{"line":415,"column":22}},"loc":{"start":{"line":415,"column":46},"end":{"line":420,"column":null}},"line":415},"29":{"name":"(anonymous_29)","decl":{"start":{"line":422,"column":12},"end":{"line":422,"column":27}},"loc":{"start":{"line":422,"column":27},"end":{"line":424,"column":null}},"line":422}},"branchMap":{"0":{"loc":{"start":{"line":50,"column":2},"end":{"line":50,"column":null}},"type":"if","locations":[{"start":{"line":50,"column":2},"end":{"line":50,"column":null}},{"start":{},"end":{}}],"line":50},"1":{"loc":{"start":{"line":50,"column":6},"end":{"line":50,"column":64}},"type":"binary-expr","locations":[{"start":{"line":50,"column":6},"end":{"line":50,"column":26}},{"start":{"line":50,"column":26},"end":{"line":50,"column":47}},{"start":{"line":50,"column":47},"end":{"line":50,"column":64}}],"line":50},"2":{"loc":{"start":{"line":61,"column":20},"end":{"line":61,"column":null}},"type":"cond-expr","locations":[{"start":{"line":61,"column":48},"end":{"line":61,"column":90}},{"start":{"line":61,"column":93},"end":{"line":61,"column":null}}],"line":61},"3":{"loc":{"start":{"line":62,"column":19},"end":{"line":62,"column":null}},"type":"binary-expr","locations":[{"start":{"line":62,"column":19},"end":{"line":62,"column":54}},{"start":{"line":62,"column":54},"end":{"line":62,"column":null}}],"line":62},"4":{"loc":{"start":{"line":64,"column":12},"end":{"line":64,"column":48}},"type":"binary-expr","locations":[{"start":{"line":64,"column":12},"end":{"line":64,"column":23}},{"start":{"line":64,"column":23},"end":{"line":64,"column":48}}],"line":64},"5":{"loc":{"start":{"line":65,"column":17},"end":{"line":65,"column":null}},"type":"binary-expr","locations":[{"start":{"line":65,"column":17},"end":{"line":65,"column":28}},{"start":{"line":65,"column":28},"end":{"line":65,"column":null}}],"line":65},"6":{"loc":{"start":{"line":65,"column":28},"end":{"line":65,"column":null}},"type":"cond-expr","locations":[{"start":{"line":65,"column":88},"end":{"line":65,"column":108}},{"start":{"line":65,"column":111},"end":{"line":65,"column":null}}],"line":65},"7":{"loc":{"start":{"line":65,"column":28},"end":{"line":65,"column":85}},"type":"binary-expr","locations":[{"start":{"line":65,"column":28},"end":{"line":65,"column":65}},{"start":{"line":65,"column":65},"end":{"line":65,"column":85}}],"line":65},"8":{"loc":{"start":{"line":66,"column":11},"end":{"line":66,"column":null}},"type":"cond-expr","locations":[{"start":{"line":66,"column":41},"end":{"line":66,"column":51}},{"start":{"line":66,"column":51},"end":{"line":66,"column":null}}],"line":66},"9":{"loc":{"start":{"line":67,"column":19},"end":{"line":67,"column":null}},"type":"cond-expr","locations":[{"start":{"line":67,"column":58},"end":{"line":67,"column":76}},{"start":{"line":67,"column":76},"end":{"line":67,"column":null}}],"line":67},"10":{"loc":{"start":{"line":68,"column":22},"end":{"line":68,"column":null}},"type":"cond-expr","locations":[{"start":{"line":68,"column":63},"end":{"line":68,"column":84}},{"start":{"line":68,"column":84},"end":{"line":68,"column":null}}],"line":68},"11":{"loc":{"start":{"line":69,"column":28},"end":{"line":69,"column":null}},"type":"cond-expr","locations":[{"start":{"line":69,"column":75},"end":{"line":69,"column":102}},{"start":{"line":69,"column":102},"end":{"line":69,"column":null}}],"line":69},"12":{"loc":{"start":{"line":70,"column":28},"end":{"line":70,"column":null}},"type":"cond-expr","locations":[{"start":{"line":70,"column":75},"end":{"line":70,"column":102}},{"start":{"line":70,"column":102},"end":{"line":70,"column":null}}],"line":70},"13":{"loc":{"start":{"line":85,"column":14},"end":{"line":85,"column":null}},"type":"binary-expr","locations":[{"start":{"line":85,"column":14},"end":{"line":85,"column":26}},{"start":{"line":85,"column":30},"end":{"line":85,"column":43}},{"start":{"line":85,"column":47},"end":{"line":85,"column":null}}],"line":85},"14":{"loc":{"start":{"line":90,"column":9},"end":{"line":90,"column":null}},"type":"cond-expr","locations":[{"start":{"line":90,"column":32},"end":{"line":90,"column":45}},{"start":{"line":90,"column":48},"end":{"line":90,"column":null}}],"line":90},"15":{"loc":{"start":{"line":94,"column":9},"end":{"line":96,"column":null}},"type":"cond-expr","locations":[{"start":{"line":94,"column":46},"end":{"line":95,"column":36}},{"start":{"line":96,"column":6},"end":{"line":96,"column":null}}],"line":94},"16":{"loc":{"start":{"line":94,"column":9},"end":{"line":94,"column":46}},"type":"binary-expr","locations":[{"start":{"line":94,"column":9},"end":{"line":94,"column":25}},{"start":{"line":94,"column":25},"end":{"line":94,"column":46}}],"line":94},"17":{"loc":{"start":{"line":115,"column":2},"end":{"line":115,"column":null}},"type":"if","locations":[{"start":{"line":115,"column":2},"end":{"line":115,"column":null}},{"start":{},"end":{}}],"line":115},"18":{"loc":{"start":{"line":118,"column":4},"end":{"line":120,"column":null}},"type":"if","locations":[{"start":{"line":118,"column":4},"end":{"line":120,"column":null}},{"start":{},"end":{}}],"line":118},"19":{"loc":{"start":{"line":123,"column":4},"end":{"line":123,"column":null}},"type":"if","locations":[{"start":{"line":123,"column":4},"end":{"line":123,"column":null}},{"start":{},"end":{}}],"line":123},"20":{"loc":{"start":{"line":156,"column":4},"end":{"line":157,"column":null}},"type":"if","locations":[{"start":{"line":156,"column":4},"end":{"line":157,"column":null}},{"start":{},"end":{}}],"line":156},"21":{"loc":{"start":{"line":156,"column":8},"end":{"line":156,"column":57}},"type":"binary-expr","locations":[{"start":{"line":156,"column":8},"end":{"line":156,"column":29}},{"start":{"line":156,"column":29},"end":{"line":156,"column":57}}],"line":156},"22":{"loc":{"start":{"line":157,"column":6},"end":{"line":157,"column":null}},"type":"if","locations":[{"start":{"line":157,"column":6},"end":{"line":157,"column":null}},{"start":{},"end":{}}],"line":157},"23":{"loc":{"start":{"line":157,"column":10},"end":{"line":157,"column":47}},"type":"binary-expr","locations":[{"start":{"line":157,"column":10},"end":{"line":157,"column":19}},{"start":{"line":157,"column":19},"end":{"line":157,"column":47}}],"line":157},"24":{"loc":{"start":{"line":174,"column":24},"end":{"line":174,"column":null}},"type":"if","locations":[{"start":{"line":174,"column":24},"end":{"line":174,"column":null}},{"start":{},"end":{}}],"line":174},"25":{"loc":{"start":{"line":179,"column":4},"end":{"line":181,"column":null}},"type":"if","locations":[{"start":{"line":179,"column":4},"end":{"line":181,"column":null}},{"start":{},"end":{}}],"line":179},"26":{"loc":{"start":{"line":180,"column":6},"end":{"line":180,"column":null}},"type":"if","locations":[{"start":{"line":180,"column":6},"end":{"line":180,"column":null}},{"start":{"line":180,"column":49},"end":{"line":180,"column":null}}],"line":180},"27":{"loc":{"start":{"line":183,"column":4},"end":{"line":185,"column":null}},"type":"if","locations":[{"start":{"line":183,"column":4},"end":{"line":185,"column":null}},{"start":{},"end":{}}],"line":183},"28":{"loc":{"start":{"line":184,"column":6},"end":{"line":184,"column":null}},"type":"if","locations":[{"start":{"line":184,"column":6},"end":{"line":184,"column":null}},{"start":{"line":184,"column":49},"end":{"line":184,"column":null}}],"line":184},"29":{"loc":{"start":{"line":189,"column":4},"end":{"line":193,"column":null}},"type":"if","locations":[{"start":{"line":189,"column":4},"end":{"line":193,"column":null}},{"start":{},"end":{}}],"line":189},"30":{"loc":{"start":{"line":189,"column":8},"end":{"line":189,"column":34}},"type":"binary-expr","locations":[{"start":{"line":189,"column":8},"end":{"line":189,"column":22}},{"start":{"line":189,"column":22},"end":{"line":189,"column":34}}],"line":189},"31":{"loc":{"start":{"line":192,"column":6},"end":{"line":192,"column":null}},"type":"if","locations":[{"start":{"line":192,"column":6},"end":{"line":192,"column":null}},{"start":{},"end":{}}],"line":192},"32":{"loc":{"start":{"line":192,"column":10},"end":{"line":192,"column":44}},"type":"binary-expr","locations":[{"start":{"line":192,"column":10},"end":{"line":192,"column":24}},{"start":{"line":192,"column":24},"end":{"line":192,"column":44}}],"line":192},"33":{"loc":{"start":{"line":195,"column":4},"end":{"line":199,"column":null}},"type":"if","locations":[{"start":{"line":195,"column":4},"end":{"line":199,"column":null}},{"start":{},"end":{}}],"line":195},"34":{"loc":{"start":{"line":195,"column":8},"end":{"line":195,"column":42}},"type":"binary-expr","locations":[{"start":{"line":195,"column":8},"end":{"line":195,"column":22}},{"start":{"line":195,"column":22},"end":{"line":195,"column":42}}],"line":195},"35":{"loc":{"start":{"line":202,"column":4},"end":{"line":202,"column":null}},"type":"if","locations":[{"start":{"line":202,"column":4},"end":{"line":202,"column":null}},{"start":{},"end":{}}],"line":202},"36":{"loc":{"start":{"line":203,"column":4},"end":{"line":203,"column":null}},"type":"if","locations":[{"start":{"line":203,"column":4},"end":{"line":203,"column":null}},{"start":{},"end":{}}],"line":203},"37":{"loc":{"start":{"line":205,"column":4},"end":{"line":208,"column":null}},"type":"if","locations":[{"start":{"line":205,"column":4},"end":{"line":208,"column":null}},{"start":{"line":207,"column":11},"end":{"line":208,"column":null}}],"line":205},"38":{"loc":{"start":{"line":228,"column":2},"end":{"line":288,"column":null}},"type":"if","locations":[{"start":{"line":228,"column":2},"end":{"line":288,"column":null}},{"start":{"line":231,"column":13},"end":{"line":288,"column":null}}],"line":228},"39":{"loc":{"start":{"line":229,"column":16},"end":{"line":229,"column":null}},"type":"cond-expr","locations":[{"start":{"line":229,"column":52},"end":{"line":229,"column":68}},{"start":{"line":229,"column":68},"end":{"line":229,"column":null}}],"line":229},"40":{"loc":{"start":{"line":230,"column":14},"end":{"line":230,"column":null}},"type":"cond-expr","locations":[{"start":{"line":230,"column":20},"end":{"line":230,"column":48}},{"start":{"line":230,"column":51},"end":{"line":230,"column":null}}],"line":230},"41":{"loc":{"start":{"line":231,"column":13},"end":{"line":288,"column":null}},"type":"if","locations":[{"start":{"line":231,"column":13},"end":{"line":288,"column":null}},{"start":{"line":242,"column":13},"end":{"line":288,"column":null}}],"line":231},"42":{"loc":{"start":{"line":234,"column":6},"end":{"line":237,"column":null}},"type":"cond-expr","locations":[{"start":{"line":234,"column":42},"end":{"line":234,"column":null}},{"start":{"line":235,"column":6},"end":{"line":237,"column":null}}],"line":234},"43":{"loc":{"start":{"line":235,"column":6},"end":{"line":237,"column":null}},"type":"cond-expr","locations":[{"start":{"line":235,"column":42},"end":{"line":235,"column":null}},{"start":{"line":236,"column":6},"end":{"line":237,"column":null}}],"line":235},"44":{"loc":{"start":{"line":236,"column":6},"end":{"line":237,"column":null}},"type":"cond-expr","locations":[{"start":{"line":236,"column":42},"end":{"line":236,"column":null}},{"start":{"line":237,"column":6},"end":{"line":237,"column":null}}],"line":236},"45":{"loc":{"start":{"line":238,"column":4},"end":{"line":240,"column":null}},"type":"if","locations":[{"start":{"line":238,"column":4},"end":{"line":240,"column":null}},{"start":{},"end":{}}],"line":238},"46":{"loc":{"start":{"line":240,"column":16},"end":{"line":240,"column":null}},"type":"binary-expr","locations":[{"start":{"line":240,"column":16},"end":{"line":240,"column":23}},{"start":{"line":240,"column":23},"end":{"line":240,"column":null}}],"line":240},"47":{"loc":{"start":{"line":242,"column":13},"end":{"line":288,"column":null}},"type":"if","locations":[{"start":{"line":242,"column":13},"end":{"line":288,"column":null}},{"start":{"line":285,"column":13},"end":{"line":288,"column":null}}],"line":242},"48":{"loc":{"start":{"line":243,"column":16},"end":{"line":243,"column":null}},"type":"cond-expr","locations":[{"start":{"line":243,"column":52},"end":{"line":243,"column":68}},{"start":{"line":243,"column":68},"end":{"line":243,"column":null}}],"line":243},"49":{"loc":{"start":{"line":251,"column":6},"end":{"line":251,"column":null}},"type":"if","locations":[{"start":{"line":251,"column":6},"end":{"line":251,"column":null}},{"start":{},"end":{}}],"line":251},"50":{"loc":{"start":{"line":254,"column":6},"end":{"line":254,"column":null}},"type":"if","locations":[{"start":{"line":254,"column":6},"end":{"line":254,"column":null}},{"start":{},"end":{}}],"line":254},"51":{"loc":{"start":{"line":254,"column":10},"end":{"line":254,"column":42}},"type":"binary-expr","locations":[{"start":{"line":254,"column":10},"end":{"line":254,"column":28}},{"start":{"line":254,"column":28},"end":{"line":254,"column":42}}],"line":254},"52":{"loc":{"start":{"line":255,"column":6},"end":{"line":258,"column":null}},"type":"if","locations":[{"start":{"line":255,"column":6},"end":{"line":258,"column":null}},{"start":{},"end":{}}],"line":255},"53":{"loc":{"start":{"line":256,"column":8},"end":{"line":256,"column":null}},"type":"if","locations":[{"start":{"line":256,"column":8},"end":{"line":256,"column":null}},{"start":{},"end":{}}],"line":256},"54":{"loc":{"start":{"line":262,"column":6},"end":{"line":263,"column":null}},"type":"if","locations":[{"start":{"line":262,"column":6},"end":{"line":263,"column":null}},{"start":{},"end":{}}],"line":262},"55":{"loc":{"start":{"line":262,"column":10},"end":{"line":262,"column":95}},"type":"binary-expr","locations":[{"start":{"line":262,"column":10},"end":{"line":262,"column":27}},{"start":{"line":262,"column":27},"end":{"line":262,"column":45}},{"start":{"line":262,"column":45},"end":{"line":262,"column":63}},{"start":{"line":262,"column":63},"end":{"line":262,"column":81}},{"start":{"line":262,"column":81},"end":{"line":262,"column":95}}],"line":262},"56":{"loc":{"start":{"line":265,"column":6},"end":{"line":274,"column":null}},"type":"if","locations":[{"start":{"line":265,"column":6},"end":{"line":274,"column":null}},{"start":{},"end":{}}],"line":265},"57":{"loc":{"start":{"line":266,"column":8},"end":{"line":266,"column":null}},"type":"if","locations":[{"start":{"line":266,"column":8},"end":{"line":266,"column":null}},{"start":{},"end":{}}],"line":266},"58":{"loc":{"start":{"line":268,"column":8},"end":{"line":270,"column":null}},"type":"if","locations":[{"start":{"line":268,"column":8},"end":{"line":270,"column":null}},{"start":{},"end":{}}],"line":268},"59":{"loc":{"start":{"line":278,"column":6},"end":{"line":278,"column":null}},"type":"if","locations":[{"start":{"line":278,"column":6},"end":{"line":278,"column":null}},{"start":{},"end":{}}],"line":278},"60":{"loc":{"start":{"line":279,"column":6},"end":{"line":282,"column":null}},"type":"if","locations":[{"start":{"line":279,"column":6},"end":{"line":282,"column":null}},{"start":{},"end":{}}],"line":279},"61":{"loc":{"start":{"line":279,"column":6},"end":{"line":279,"column":66}},"type":"binary-expr","locations":[{"start":{"line":279,"column":11},"end":{"line":279,"column":30}},{"start":{"line":279,"column":30},"end":{"line":279,"column":51}},{"start":{"line":279,"column":51},"end":{"line":279,"column":66}}],"line":279},"62":{"loc":{"start":{"line":281,"column":8},"end":{"line":281,"column":null}},"type":"if","locations":[{"start":{"line":281,"column":8},"end":{"line":281,"column":null}},{"start":{},"end":{}}],"line":281},"63":{"loc":{"start":{"line":285,"column":13},"end":{"line":288,"column":null}},"type":"if","locations":[{"start":{"line":285,"column":13},"end":{"line":288,"column":null}},{"start":{},"end":{}}],"line":285},"64":{"loc":{"start":{"line":286,"column":16},"end":{"line":286,"column":null}},"type":"cond-expr","locations":[{"start":{"line":286,"column":49},"end":{"line":286,"column":62}},{"start":{"line":286,"column":62},"end":{"line":286,"column":null}}],"line":286},"65":{"loc":{"start":{"line":287,"column":4},"end":{"line":288,"column":null}},"type":"if","locations":[{"start":{"line":287,"column":4},"end":{"line":288,"column":null}},{"start":{},"end":{}}],"line":287},"66":{"loc":{"start":{"line":287,"column":8},"end":{"line":287,"column":48}},"type":"binary-expr","locations":[{"start":{"line":287,"column":8},"end":{"line":287,"column":15}},{"start":{"line":287,"column":15},"end":{"line":287,"column":48}}],"line":287},"67":{"loc":{"start":{"line":292,"column":2},"end":{"line":292,"column":null}},"type":"if","locations":[{"start":{"line":292,"column":2},"end":{"line":292,"column":null}},{"start":{},"end":{}}],"line":292},"68":{"loc":{"start":{"line":292,"column":6},"end":{"line":292,"column":38}},"type":"binary-expr","locations":[{"start":{"line":292,"column":6},"end":{"line":292,"column":18}},{"start":{"line":292,"column":18},"end":{"line":292,"column":38}}],"line":292},"69":{"loc":{"start":{"line":311,"column":4},"end":{"line":311,"column":null}},"type":"if","locations":[{"start":{"line":311,"column":4},"end":{"line":311,"column":null}},{"start":{},"end":{}}],"line":311},"70":{"loc":{"start":{"line":313,"column":4},"end":{"line":313,"column":null}},"type":"if","locations":[{"start":{"line":313,"column":4},"end":{"line":313,"column":null}},{"start":{},"end":{}}],"line":313},"71":{"loc":{"start":{"line":313,"column":8},"end":{"line":313,"column":47}},"type":"binary-expr","locations":[{"start":{"line":313,"column":8},"end":{"line":313,"column":30}},{"start":{"line":313,"column":30},"end":{"line":313,"column":47}}],"line":313},"72":{"loc":{"start":{"line":319,"column":16},"end":{"line":319,"column":61}},"type":"cond-expr","locations":[{"start":{"line":319,"column":45},"end":{"line":319,"column":59}},{"start":{"line":319,"column":59},"end":{"line":319,"column":61}}],"line":319},"73":{"loc":{"start":{"line":321,"column":4},"end":{"line":322,"column":null}},"type":"if","locations":[{"start":{"line":321,"column":4},"end":{"line":322,"column":null}},{"start":{},"end":{}}],"line":321},"74":{"loc":{"start":{"line":321,"column":8},"end":{"line":321,"column":104}},"type":"binary-expr","locations":[{"start":{"line":321,"column":8},"end":{"line":321,"column":33}},{"start":{"line":321,"column":33},"end":{"line":321,"column":47}},{"start":{"line":321,"column":47},"end":{"line":321,"column":104}}],"line":321},"75":{"loc":{"start":{"line":327,"column":2},"end":{"line":331,"column":null}},"type":"if","locations":[{"start":{"line":327,"column":2},"end":{"line":331,"column":null}},{"start":{},"end":{}}],"line":327},"76":{"loc":{"start":{"line":328,"column":34},"end":{"line":328,"column":47}},"type":"binary-expr","locations":[{"start":{"line":328,"column":34},"end":{"line":328,"column":44}},{"start":{"line":328,"column":44},"end":{"line":328,"column":47}}],"line":328},"77":{"loc":{"start":{"line":331,"column":6},"end":{"line":331,"column":null}},"type":"if","locations":[{"start":{"line":331,"column":6},"end":{"line":331,"column":null}},{"start":{},"end":{}}],"line":331},"78":{"loc":{"start":{"line":345,"column":2},"end":{"line":345,"column":null}},"type":"default-arg","locations":[{"start":{"line":345,"column":10},"end":{"line":345,"column":null}}],"line":345},"79":{"loc":{"start":{"line":347,"column":32},"end":{"line":347,"column":45}},"type":"binary-expr","locations":[{"start":{"line":347,"column":32},"end":{"line":347,"column":42}},{"start":{"line":347,"column":42},"end":{"line":347,"column":45}}],"line":347},"80":{"loc":{"start":{"line":353,"column":4},"end":{"line":353,"column":null}},"type":"if","locations":[{"start":{"line":353,"column":4},"end":{"line":353,"column":null}},{"start":{},"end":{}}],"line":353},"81":{"loc":{"start":{"line":355,"column":4},"end":{"line":357,"column":null}},"type":"if","locations":[{"start":{"line":355,"column":4},"end":{"line":357,"column":null}},{"start":{},"end":{}}],"line":355},"82":{"loc":{"start":{"line":355,"column":8},"end":{"line":355,"column":43}},"type":"binary-expr","locations":[{"start":{"line":355,"column":8},"end":{"line":355,"column":28}},{"start":{"line":355,"column":28},"end":{"line":355,"column":43}}],"line":355},"83":{"loc":{"start":{"line":359,"column":4},"end":{"line":359,"column":null}},"type":"if","locations":[{"start":{"line":359,"column":4},"end":{"line":359,"column":null}},{"start":{},"end":{}}],"line":359},"84":{"loc":{"start":{"line":370,"column":9},"end":{"line":370,"column":null}},"type":"cond-expr","locations":[{"start":{"line":370,"column":62},"end":{"line":370,"column":73}},{"start":{"line":370,"column":73},"end":{"line":370,"column":null}}],"line":370},"85":{"loc":{"start":{"line":370,"column":9},"end":{"line":370,"column":62}},"type":"binary-expr","locations":[{"start":{"line":370,"column":9},"end":{"line":370,"column":39}},{"start":{"line":370,"column":43},"end":{"line":370,"column":62}}],"line":370},"86":{"loc":{"start":{"line":375,"column":2},"end":{"line":375,"column":null}},"type":"if","locations":[{"start":{"line":375,"column":2},"end":{"line":375,"column":null}},{"start":{},"end":{}}],"line":375},"87":{"loc":{"start":{"line":376,"column":2},"end":{"line":376,"column":null}},"type":"binary-expr","locations":[{"start":{"line":376,"column":2},"end":{"line":376,"column":37}},{"start":{"line":376,"column":41},"end":{"line":376,"column":null}}],"line":376},"88":{"loc":{"start":{"line":381,"column":2},"end":{"line":381,"column":null}},"type":"if","locations":[{"start":{"line":381,"column":2},"end":{"line":381,"column":null}},{"start":{},"end":{}}],"line":381},"89":{"loc":{"start":{"line":381,"column":6},"end":{"line":381,"column":47}},"type":"binary-expr","locations":[{"start":{"line":381,"column":6},"end":{"line":381,"column":28}},{"start":{"line":381,"column":28},"end":{"line":381,"column":47}}],"line":381},"90":{"loc":{"start":{"line":382,"column":2},"end":{"line":382,"column":null}},"type":"if","locations":[{"start":{"line":382,"column":2},"end":{"line":382,"column":null}},{"start":{},"end":{}}],"line":382},"91":{"loc":{"start":{"line":382,"column":6},"end":{"line":382,"column":87}},"type":"binary-expr","locations":[{"start":{"line":382,"column":6},"end":{"line":382,"column":34}},{"start":{"line":382,"column":38},"end":{"line":382,"column":61}},{"start":{"line":382,"column":61},"end":{"line":382,"column":87}}],"line":382},"92":{"loc":{"start":{"line":406,"column":6},"end":{"line":409,"column":null}},"type":"if","locations":[{"start":{"line":406,"column":6},"end":{"line":409,"column":null}},{"start":{},"end":{}}],"line":406},"93":{"loc":{"start":{"line":416,"column":6},"end":{"line":416,"column":null}},"type":"if","locations":[{"start":{"line":416,"column":6},"end":{"line":416,"column":null}},{"start":{},"end":{}}],"line":416},"94":{"loc":{"start":{"line":419,"column":15},"end":{"line":419,"column":74}},"type":"cond-expr","locations":[{"start":{"line":419,"column":28},"end":{"line":419,"column":68}},{"start":{"line":419,"column":71},"end":{"line":419,"column":74}}],"line":419},"95":{"loc":{"start":{"line":423,"column":6},"end":{"line":423,"column":null}},"type":"if","locations":[{"start":{"line":423,"column":6},"end":{"line":423,"column":null}},{"start":{},"end":{}}],"line":423}},"s":{"0":6,"1":6,"2":0,"3":6,"4":0,"5":6,"6":14,"7":6,"8":8,"9":6,"10":2,"11":2,"12":2,"13":2,"14":2,"15":2,"16":0,"17":0,"18":0,"19":3,"20":3,"21":2,"22":2,"23":6,"24":6,"25":2,"26":6,"27":1,"28":0,"29":1,"30":1,"31":8,"32":1,"33":1,"34":7,"35":7,"36":0,"37":7,"38":0,"39":0,"40":0,"41":0,"42":6,"43":29,"44":29,"45":29,"46":49,"47":49,"48":32,"49":26,"50":29,"51":7,"52":7,"53":7,"54":7,"55":7,"56":31,"57":25,"58":25,"59":7,"60":7,"61":187,"62":187,"63":13,"64":1,"65":12,"66":13,"67":174,"68":41,"69":3,"70":38,"71":41,"72":133,"73":2,"74":2,"75":2,"76":0,"77":2,"78":131,"79":1,"80":1,"81":1,"82":1,"83":130,"84":1,"85":1,"86":129,"87":3,"88":3,"89":126,"90":21,"91":105,"92":7,"93":7,"94":29,"95":29,"96":12,"97":12,"98":17,"99":1,"100":1,"101":1,"102":1,"103":16,"104":7,"105":7,"106":7,"107":7,"108":7,"109":7,"110":20,"111":20,"112":2,"113":2,"114":2,"115":18,"116":6,"117":6,"118":6,"119":12,"120":6,"121":0,"122":6,"123":6,"124":6,"125":2,"126":2,"127":2,"128":4,"129":2,"130":0,"131":2,"132":2,"133":1,"134":1,"135":1,"136":1,"137":2,"138":0,"139":0,"140":0,"141":2,"142":0,"143":0,"144":0,"145":0,"146":9,"147":9,"148":9,"149":7,"150":29,"151":4,"152":25,"153":1,"154":1,"155":1,"156":2,"157":2,"158":0,"159":2,"160":2,"161":0,"162":2,"163":2,"164":1,"165":1,"166":2,"167":2,"168":1,"169":0,"170":0,"171":0,"172":0,"173":0,"174":0,"175":1,"176":12,"177":12,"178":12,"179":12,"180":12,"181":18,"182":18,"183":6,"184":12,"185":12,"186":8,"187":8,"188":12,"189":3,"190":12,"191":4,"192":4,"193":2,"194":2,"195":1,"196":1,"197":4,"198":4,"199":1,"200":3,"201":2,"202":1,"203":0,"204":0,"205":0,"206":0,"207":0,"208":0,"209":0,"210":0,"211":0,"212":0,"213":0,"214":0,"215":0,"216":0,"217":0,"218":0,"219":0,"220":0,"221":0,"222":0,"223":0,"224":0,"225":0},"f":{"0":0,"1":0,"2":14,"3":2,"4":0,"5":3,"6":2,"7":2,"8":2,"9":1,"10":0,"11":0,"12":29,"13":7,"14":31,"15":29,"16":1,"17":2,"18":0,"19":12,"20":12,"21":4,"22":2,"23":4,"24":0,"25":0,"26":0,"27":0,"28":0,"29":0},"b":{"0":[6,8],"1":[14,12,10],"2":[0,0],"3":[2,0],"4":[2,0],"5":[2,0],"6":[0,0],"7":[0,0],"8":[0,0],"9":[0,0],"10":[0,0],"11":[0,0],"12":[0,0],"13":[3,2,0],"14":[1,1],"15":[1,1],"16":[2,2],"17":[0,1],"18":[1,7],"19":[0,7],"20":[32,17],"21":[49,32],"22":[26,6],"23":[32,7],"24":[25,6],"25":[13,174],"26":[1,12],"27":[41,133],"28":[3,38],"29":[2,131],"30":[133,131],"31":[0,2],"32":[2,2],"33":[1,130],"34":[131,1],"35":[1,129],"36":[3,126],"37":[21,105],"38":[12,17],"39":[12,0],"40":[12,0],"41":[1,16],"42":[1,0],"43":[0,0],"44":[0,0],"45":[1,0],"46":[1,0],"47":[7,9],"48":[7,0],"49":[2,18],"50":[6,12],"51":[18,12],"52":[6,6],"53":[0,6],"54":[2,4],"55":[6,4,4,4,4],"56":[2,2],"57":[0,2],"58":[1,1],"59":[0,2],"60":[0,2],"61":[2,2,0],"62":[0,0],"63":[9,0],"64":[9,0],"65":[7,2],"66":[9,9],"67":[4,25],"68":[29,26],"69":[0,2],"70":[0,2],"71":[2,2],"72":[1,0],"73":[2,0],"74":[2,2,2],"75":[0,1],"76":[0,0],"77":[0,0],"78":[12],"79":[12,0],"80":[6,12],"81":[8,4],"82":[12,8],"83":[3,9],"84":[2,2],"85":[4,2],"86":[1,1],"87":[1,0],"88":[1,3],"89":[4,3],"90":[2,1],"91":[3,2,2],"92":[0,0],"93":[0,0],"94":[0,0],"95":[0,0]},"meta":{"lastBranch":96,"lastFunction":30,"lastStatement":226,"seen":{"s:7:32:7:Infinity":0,"s:15:41:15:Infinity":1,"f:16:16:16:31":0,"s:16:63:16:Infinity":2,"s:22:35:22:47":3,"f:23:16:23:31":1,"s:23:54:23:Infinity":4,"s:25:6:25:62":5,"f:49:16:49:32":2,"b:50:2:50:Infinity:undefined:undefined:undefined:undefined":0,"s:50:2:50:Infinity":6,"b:50:6:50:26:50:26:50:47:50:47:50:64":1,"s:50:64:50:Infinity":7,"s:51:2:51:Infinity":8,"s:55:34:55:Infinity":9,"f:57:16:57:50":3,"s:58:2:73:Infinity":10,"s:59:16:59:61":11,"s:61:20:61:Infinity":12,"b:61:48:61:90:61:93:61:Infinity":2,"s:62:19:62:Infinity":13,"b:62:19:62:54:62:54:62:Infinity":3,"s:63:4:71:Infinity":14,"b:64:12:64:23:64:23:64:48":4,"b:65:17:65:28:65:28:65:Infinity":5,"b:65:88:65:108:65:111:65:Infinity":6,"b:65:28:65:65:65:65:65:85":7,"b:66:41:66:51:66:51:66:Infinity":8,"b:67:58:67:76:67:76:67:Infinity":9,"b:68:63:68:84:68:84:68:Infinity":10,"b:69:75:69:102:69:102:69:Infinity":11,"b:70:75:70:102:70:102:70:Infinity":12,"s:73:4:73:Infinity":15,"f:77:16:77:27":4,"s:78:2:81:Infinity":16,"s:79:4:79:Infinity":17,"s:80:4:80:Infinity":18,"f:84:16:84:35":5,"s:85:14:85:Infinity":19,"b:85:14:85:26:85:30:85:43:85:47:85:Infinity":13,"s:86:2:86:Infinity":20,"f:89:16:89:33":6,"s:90:2:90:Infinity":21,"b:90:32:90:45:90:48:90:Infinity":14,"f:93:16:93:31":7,"s:94:2:96:Infinity":22,"b:94:46:95:36:96:6:96:Infinity":15,"b:94:9:94:25:94:25:94:46":16,"s:100:32:100:Infinity":23,"s:103:21:103:Infinity":24,"f:105:16:105:34":8,"s:106:2:106:Infinity":25,"s:111:23:111:55":26,"f:114:16:114:33":9,"b:115:2:115:Infinity:undefined:undefined:undefined:undefined":17,"s:115:2:115:Infinity":27,"s:115:31:115:Infinity":28,"s:116:12:116:Infinity":29,"s:117:2:124:Infinity":30,"b:118:4:120:Infinity:undefined:undefined:undefined:undefined":18,"s:118:4:120:Infinity":31,"s:119:6:119:Infinity":32,"s:120:6:120:Infinity":33,"s:122:10:122:37":34,"b:123:4:123:Infinity:undefined:undefined:undefined:undefined":19,"s:123:4:123:Infinity":35,"s:123:24:123:Infinity":36,"s:124:4:124:Infinity":37,"s:126:2:126:Infinity":38,"s:127:2:127:Infinity":39,"f:130:16:130:34":10,"s:131:2:131:Infinity":40,"f:135:16:135:40":11,"s:136:2:136:Infinity":41,"s:140:24:144:2":42,"f:151:16:151:40":12,"s:152:19:152:51":43,"s:153:28:153:Infinity":44,"s:154:2:157:Infinity":45,"s:155:18:155:42":46,"b:156:4:157:Infinity:undefined:undefined:undefined:undefined":20,"s:156:4:157:Infinity":47,"b:156:8:156:29:156:29:156:57":21,"b:157:6:157:Infinity:undefined:undefined:undefined:undefined":22,"s:157:6:157:Infinity":48,"b:157:10:157:19:157:19:157:47":23,"s:157:47:157:Infinity":49,"s:160:2:160:Infinity":50,"f:168:9:168:25":13,"s:169:27:169:29":51,"s:170:16:170:Infinity":52,"s:171:17:171:Infinity":53,"s:172:17:172:Infinity":54,"s:174:8:174:Infinity":55,"f:174:8:174:22":14,"b:174:24:174:Infinity:undefined:undefined:undefined:undefined":24,"s:174:24:174:Infinity":56,"s:174:39:174:61":57,"s:174:61:174:Infinity":58,"s:176:2:208:Infinity":59,"s:176:15:176:18":60,"s:177:15:177:Infinity":61,"b:179:4:181:Infinity:undefined:undefined:undefined:undefined":25,"s:179:4:181:Infinity":62,"b:180:6:180:Infinity:180:49:180:Infinity":26,"s:180:6:180:Infinity":63,"s:180:24:180:49":64,"s:180:51:180:Infinity":65,"s:181:6:181:Infinity":66,"b:183:4:185:Infinity:undefined:undefined:undefined:undefined":27,"s:183:4:185:Infinity":67,"b:184:6:184:Infinity:184:49:184:Infinity":28,"s:184:6:184:Infinity":68,"s:184:24:184:49":69,"s:184:51:184:Infinity":70,"s:185:6:185:Infinity":71,"b:189:4:193:Infinity:undefined:undefined:undefined:undefined":29,"s:189:4:193:Infinity":72,"b:189:8:189:22:189:22:189:34":30,"s:190:6:190:Infinity":73,"s:191:6:191:Infinity":74,"b:192:6:192:Infinity:undefined:undefined:undefined:undefined":31,"s:192:6:192:Infinity":75,"b:192:10:192:24:192:24:192:44":32,"s:192:44:192:Infinity":76,"s:193:6:193:Infinity":77,"b:195:4:199:Infinity:undefined:undefined:undefined:undefined":33,"s:195:4:199:Infinity":78,"b:195:8:195:22:195:22:195:42":34,"s:196:6:196:Infinity":79,"s:197:6:197:Infinity":80,"s:198:6:198:Infinity":81,"s:199:6:199:Infinity":82,"b:202:4:202:Infinity:undefined:undefined:undefined:undefined":35,"s:202:4:202:Infinity":83,"s:202:22:202:39":84,"s:202:39:202:Infinity":85,"b:203:4:203:Infinity:undefined:undefined:undefined:undefined":36,"s:203:4:203:Infinity":86,"s:203:22:203:39":87,"s:203:39:203:Infinity":88,"b:205:4:208:Infinity:207:11:208:Infinity":37,"s:205:4:208:Infinity":89,"s:206:6:206:Infinity":90,"s:208:6:208:Infinity":91,"s:211:2:211:Infinity":92,"s:212:2:212:Infinity":93,"f:225:16:225:31":15,"s:226:31:226:Infinity":94,"b:228:2:288:Infinity:231:13:288:Infinity":38,"s:228:2:288:Infinity":95,"s:229:16:229:Infinity":96,"b:229:52:229:68:229:68:229:Infinity":39,"s:230:4:230:Infinity":97,"b:230:20:230:48:230:51:230:Infinity":40,"b:231:13:288:Infinity:242:13:288:Infinity":41,"s:231:13:288:Infinity":98,"s:234:6:237:Infinity":99,"b:234:42:234:Infinity:235:6:237:Infinity":42,"b:235:42:235:Infinity:236:6:237:Infinity":43,"b:236:42:236:Infinity:237:6:237:Infinity":44,"b:238:4:240:Infinity:undefined:undefined:undefined:undefined":45,"s:238:4:240:Infinity":100,"s:239:12:239:79":101,"s:240:6:240:Infinity":102,"b:240:16:240:23:240:23:240:Infinity":46,"b:242:13:288:Infinity:285:13:288:Infinity":47,"s:242:13:288:Infinity":103,"s:243:16:243:Infinity":104,"b:243:52:243:68:243:68:243:Infinity":48,"s:244:19:244:39":105,"s:245:19:245:Infinity":106,"s:246:23:246:Infinity":107,"s:247:4:282:Infinity":108,"s:247:17:247:20":109,"s:248:18:248:Infinity":110,"b:251:6:251:Infinity:undefined:undefined:undefined:undefined":49,"s:251:6:251:Infinity":111,"s:251:25:251:43":112,"s:251:43:251:65":113,"s:251:65:251:Infinity":114,"b:254:6:254:Infinity:undefined:undefined:undefined:undefined":50,"s:254:6:254:Infinity":115,"b:254:10:254:28:254:28:254:42":51,"s:254:44:254:61":116,"s:254:61:254:83":117,"s:254:83:254:Infinity":118,"b:255:6:258:Infinity:undefined:undefined:undefined:undefined":52,"s:255:6:258:Infinity":119,"b:256:8:256:Infinity:undefined:undefined:undefined:undefined":53,"s:256:8:256:Infinity":120,"s:256:33:256:Infinity":121,"s:257:8:257:Infinity":122,"s:258:8:258:Infinity":123,"b:262:6:263:Infinity:undefined:undefined:undefined:undefined":54,"s:262:6:263:Infinity":124,"b:262:10:262:27:262:27:262:45:262:45:262:63:262:63:262:81:262:81:262:95":55,"s:263:8:263:29":125,"s:263:29:263:47":126,"s:263:47:263:Infinity":127,"b:265:6:274:Infinity:undefined:undefined:undefined:undefined":56,"s:265:6:274:Infinity":128,"b:266:8:266:Infinity:undefined:undefined:undefined:undefined":57,"s:266:8:266:Infinity":129,"s:266:33:266:Infinity":130,"s:267:14:267:32":131,"b:268:8:270:Infinity:undefined:undefined:undefined:undefined":58,"s:268:8:270:Infinity":132,"s:269:10:269:Infinity":133,"s:270:10:270:Infinity":134,"s:273:8:273:Infinity":135,"s:274:8:274:Infinity":136,"b:278:6:278:Infinity:undefined:undefined:undefined:undefined":59,"s:278:6:278:Infinity":137,"s:278:28:278:46":138,"s:278:46:278:68":139,"s:278:68:278:Infinity":140,"b:279:6:282:Infinity:undefined:undefined:undefined:undefined":60,"s:279:6:282:Infinity":141,"b:279:11:279:30:279:30:279:51:279:51:279:66":61,"s:280:14:280:91":142,"b:281:8:281:Infinity:undefined:undefined:undefined:undefined":62,"s:281:8:281:Infinity":143,"s:281:31:281:Infinity":144,"s:282:8:282:Infinity":145,"b:285:13:288:Infinity:undefined:undefined:undefined:undefined":63,"s:285:13:288:Infinity":146,"s:286:16:286:Infinity":147,"b:286:49:286:62:286:62:286:Infinity":64,"b:287:4:288:Infinity:undefined:undefined:undefined:undefined":65,"s:287:4:288:Infinity":148,"b:287:8:287:15:287:15:287:48":66,"s:288:6:288:Infinity":149,"b:292:2:292:Infinity:undefined:undefined:undefined:undefined":67,"s:292:2:292:Infinity":150,"b:292:6:292:18:292:18:292:38":68,"s:292:38:292:Infinity":151,"s:293:2:293:Infinity":152,"f:302:16:302:Infinity":16,"s:306:15:306:32":153,"s:307:60:307:62":154,"s:309:8:315:Infinity":155,"f:309:8:309:15":17,"s:310:10:310:33":156,"b:311:4:311:Infinity:undefined:undefined:undefined:undefined":69,"s:311:4:311:Infinity":157,"s:311:35:311:Infinity":158,"s:312:10:312:60":159,"b:313:4:313:Infinity:undefined:undefined:undefined:undefined":70,"s:313:4:313:Infinity":160,"b:313:8:313:30:313:30:313:47":71,"s:313:49:313:Infinity":161,"s:314:4:314:Infinity":162,"s:315:4:315:Infinity":163,"s:319:16:319:61":164,"b:319:45:319:59:319:59:319:61":72,"s:320:2:322:Infinity":165,"b:321:4:322:Infinity:undefined:undefined:undefined:undefined":73,"s:321:4:322:Infinity":166,"b:321:8:321:33:321:33:321:47:321:47:321:104":74,"s:322:6:322:Infinity":167,"b:327:2:331:Infinity:undefined:undefined:undefined:undefined":75,"s:327:2:331:Infinity":168,"s:328:17:328:58":169,"f:328:25:328:29":18,"s:328:34:328:47":170,"b:328:34:328:44:328:44:328:47":76,"s:329:4:331:Infinity":171,"s:330:16:330:37":172,"b:331:6:331:Infinity:undefined:undefined:undefined:undefined":77,"s:331:6:331:Infinity":173,"s:331:13:331:Infinity":174,"s:335:2:335:Infinity":175,"f:343:16:343:Infinity":19,"b:345:10:345:Infinity":78,"s:347:15:347:56":176,"f:347:23:347:27":20,"s:347:32:347:45":177,"b:347:32:347:42:347:42:347:45":79,"s:348:15:348:32":178,"s:349:28:349:30":179,"s:350:2:359:Infinity":180,"s:352:14:352:48":181,"b:353:4:353:Infinity:undefined:undefined:undefined:undefined":80,"s:353:4:353:Infinity":182,"s:353:12:353:Infinity":183,"s:354:10:354:53":184,"b:355:4:357:Infinity:undefined:undefined:undefined:undefined":81,"s:355:4:357:Infinity":185,"b:355:8:355:28:355:28:355:43":82,"s:356:6:356:Infinity":186,"s:357:6:357:Infinity":187,"b:359:4:359:Infinity:undefined:undefined:undefined:undefined":83,"s:359:4:359:Infinity":188,"s:359:33:359:Infinity":189,"s:361:2:361:Infinity":190,"f:368:16:368:32":21,"s:369:8:369:37":191,"s:370:2:370:Infinity":192,"b:370:62:370:73:370:73:370:Infinity":84,"b:370:9:370:39:370:43:370:62":85,"f:373:16:373:35":22,"s:374:19:374:50":193,"b:375:2:375:Infinity:undefined:undefined:undefined:undefined":86,"s:375:2:375:Infinity":194,"s:375:17:375:Infinity":195,"s:376:2:376:Infinity":196,"b:376:2:376:37:376:41:376:Infinity":87,"f:379:16:379:41":23,"s:380:21:380:64":197,"b:381:2:381:Infinity:undefined:undefined:undefined:undefined":88,"s:381:2:381:Infinity":198,"b:381:6:381:28:381:28:381:47":89,"s:381:47:381:Infinity":199,"b:382:2:382:Infinity:undefined:undefined:undefined:undefined":90,"s:382:2:382:Infinity":200,"b:382:6:382:34:382:38:382:61:382:61:382:87":91,"s:382:89:382:Infinity":201,"s:383:2:383:Infinity":202,"f:392:22:392:33":24,"s:393:2:425:Infinity":203,"f:393:13:393:22":25,"s:395:17:395:Infinity":204,"s:396:15:396:Infinity":205,"s:398:31:398:Infinity":206,"s:399:10:403:6":207,"s:405:18:411:22":208,"f:405:18:405:35":26,"b:406:6:409:Infinity:undefined:undefined:undefined:undefined":92,"s:406:6:409:Infinity":209,"s:407:8:407:Infinity":210,"s:408:8:408:Infinity":211,"s:409:8:409:Infinity":212,"s:413:4:413:Infinity":213,"f:413:20:413:29":27,"s:413:65:413:95":214,"s:415:4:420:Infinity":215,"f:415:12:415:22":28,"b:416:6:416:Infinity:undefined:undefined:undefined:undefined":93,"s:416:6:416:Infinity":216,"s:416:16:416:Infinity":217,"s:417:6:417:Infinity":218,"s:418:6:418:Infinity":219,"s:419:6:419:Infinity":220,"b:419:28:419:68:419:71:419:74":94,"s:422:4:424:Infinity":221,"f:422:12:422:27":29,"b:423:6:423:Infinity:undefined:undefined:undefined:undefined":95,"s:423:6:423:Infinity":222,"s:423:19:423:32":223,"s:423:32:423:53":224,"s:423:53:423:Infinity":225}}}
,"/home/bhd/Documents/Projects/bhd/pi-gitnexus/src/index.ts": {"path":"/home/bhd/Documents/Projects/bhd/pi-gitnexus/src/index.ts","statementMap":{"0":{"start":{"line":9,"column":21},"end":{"line":9,"column":75}},"1":{"start":{"line":16,"column":2},"end":{"line":16,"column":null}},"2":{"start":{"line":16,"column":25},"end":{"line":16,"column":null}},"3":{"start":{"line":17,"column":2},"end":{"line":21,"column":null}},"4":{"start":{"line":18,"column":10},"end":{"line":18,"column":null}},"5":{"start":{"line":19,"column":4},"end":{"line":19,"column":null}},"6":{"start":{"line":21,"column":4},"end":{"line":21,"column":null}},"7":{"start":{"line":27,"column":2},"end":{"line":27,"column":null}},"8":{"start":{"line":39,"column":15},"end":{"line":39,"column":32}},"9":{"start":{"line":40,"column":24},"end":{"line":40,"column":26}},"10":{"start":{"line":42,"column":2},"end":{"line":47,"column":null}},"11":{"start":{"line":43,"column":4},"end":{"line":43,"column":null}},"12":{"start":{"line":43,"column":14},"end":{"line":43,"column":null}},"13":{"start":{"line":44,"column":16},"end":{"line":44,"column":null}},"14":{"start":{"line":45,"column":4},"end":{"line":45,"column":null}},"15":{"start":{"line":45,"column":23},"end":{"line":45,"column":null}},"16":{"start":{"line":46,"column":4},"end":{"line":46,"column":null}},"17":{"start":{"line":47,"column":4},"end":{"line":47,"column":null}},"18":{"start":{"line":50,"column":2},"end":{"line":50,"column":null}},"19":{"start":{"line":67,"column":2},"end":{"line":67,"column":null}},"20":{"start":{"line":67,"column":36},"end":{"line":67,"column":null}},"21":{"start":{"line":69,"column":21},"end":{"line":69,"column":null}},"22":{"start":{"line":70,"column":20},"end":{"line":93,"column":null}},"23":{"start":{"line":71,"column":14},"end":{"line":71,"column":null}},"24":{"start":{"line":72,"column":15},"end":{"line":72,"column":null}},"25":{"start":{"line":74,"column":10},"end":{"line":78,"column":null}},"26":{"start":{"line":75,"column":6},"end":{"line":75,"column":null}},"27":{"start":{"line":75,"column":16},"end":{"line":75,"column":null}},"28":{"start":{"line":76,"column":6},"end":{"line":76,"column":null}},"29":{"start":{"line":77,"column":6},"end":{"line":77,"column":null}},"30":{"start":{"line":78,"column":6},"end":{"line":78,"column":null}},"31":{"start":{"line":81,"column":10},"end":{"line":83,"column":6}},"32":{"start":{"line":85,"column":18},"end":{"line":88,"column":13}},"33":{"start":{"line":86,"column":6},"end":{"line":86,"column":null}},"34":{"start":{"line":87,"column":6},"end":{"line":87,"column":null}},"35":{"start":{"line":90,"column":4},"end":{"line":90,"column":null}},"36":{"start":{"line":90,"column":61},"end":{"line":90,"column":84}},"37":{"start":{"line":91,"column":4},"end":{"line":91,"column":null}},"38":{"start":{"line":91,"column":27},"end":{"line":91,"column":73}},"39":{"start":{"line":92,"column":4},"end":{"line":92,"column":null}},"40":{"start":{"line":92,"column":27},"end":{"line":92,"column":57}},"41":{"start":{"line":95,"column":17},"end":{"line":95,"column":62}},"42":{"start":{"line":96,"column":2},"end":{"line":96,"column":null}},"43":{"start":{"line":100,"column":2},"end":{"line":104,"column":null}},"44":{"start":{"line":101,"column":10},"end":{"line":101,"column":69}},"45":{"start":{"line":102,"column":4},"end":{"line":102,"column":null}},"46":{"start":{"line":102,"column":46},"end":{"line":102,"column":66}},"47":{"start":{"line":103,"column":4},"end":{"line":103,"column":null}},"48":{"start":{"line":103,"column":27},"end":{"line":103,"column":42}},"49":{"start":{"line":109,"column":25},"end":{"line":109,"column":null}},"50":{"start":{"line":110,"column":2},"end":{"line":110,"column":null}},"51":{"start":{"line":114,"column":22},"end":{"line":114,"column":null}},"52":{"start":{"line":117,"column":17},"end":{"line":117,"column":null}},"53":{"start":{"line":120,"column":26},"end":{"line":120,"column":28}},"54":{"start":{"line":123,"column":41},"end":{"line":123,"column":null}},"55":{"start":{"line":126,"column":19},"end":{"line":126,"column":null}},"56":{"start":{"line":129,"column":21},"end":{"line":129,"column":null}},"57":{"start":{"line":132,"column":18},"end":{"line":132,"column":null}},"58":{"start":{"line":135,"column":16},"end":{"line":135,"column":null}},"59":{"start":{"line":142,"column":23},"end":{"line":142,"column":40}},"60":{"start":{"line":148,"column":19},"end":{"line":148,"column":36}},"61":{"start":{"line":151,"column":2},"end":{"line":151,"column":null}},"62":{"start":{"line":153,"column":2},"end":{"line":157,"column":null}},"63":{"start":{"line":160,"column":2},"end":{"line":171,"column":null}},"64":{"start":{"line":161,"column":4},"end":{"line":161,"column":null}},"65":{"start":{"line":161,"column":37},"end":{"line":161,"column":null}},"66":{"start":{"line":162,"column":4},"end":{"line":162,"column":null}},"67":{"start":{"line":162,"column":36},"end":{"line":162,"column":null}},"68":{"start":{"line":163,"column":4},"end":{"line":170,"column":null}},"69":{"start":{"line":175,"column":2},"end":{"line":256,"column":null}},"70":{"start":{"line":176,"column":4},"end":{"line":176,"column":null}},"71":{"start":{"line":176,"column":25},"end":{"line":176,"column":null}},"72":{"start":{"line":177,"column":4},"end":{"line":177,"column":null}},"73":{"start":{"line":177,"column":43},"end":{"line":177,"column":null}},"74":{"start":{"line":179,"column":4},"end":{"line":179,"column":null}},"75":{"start":{"line":179,"column":57},"end":{"line":179,"column":null}},"76":{"start":{"line":180,"column":4},"end":{"line":180,"column":null}},"77":{"start":{"line":181,"column":16},"end":{"line":181,"column":null}},"78":{"start":{"line":182,"column":4},"end":{"line":182,"column":null}},"79":{"start":{"line":182,"column":33},"end":{"line":182,"column":null}},"80":{"start":{"line":185,"column":4},"end":{"line":214,"column":null}},"81":{"start":{"line":186,"column":12},"end":{"line":186,"column":72}},"82":{"start":{"line":187,"column":20},"end":{"line":190,"column":20}},"83":{"start":{"line":188,"column":20},"end":{"line":188,"column":43}},"84":{"start":{"line":189,"column":8},"end":{"line":189,"column":null}},"85":{"start":{"line":191,"column":6},"end":{"line":191,"column":null}},"86":{"start":{"line":191,"column":30},"end":{"line":191,"column":null}},"87":{"start":{"line":192,"column":22},"end":{"line":192,"column":106}},"88":{"start":{"line":192,"column":55},"end":{"line":192,"column":104}},"89":{"start":{"line":192,"column":92},"end":{"line":192,"column":104}},"90":{"start":{"line":194,"column":6},"end":{"line":196,"column":null}},"91":{"start":{"line":195,"column":20},"end":{"line":195,"column":45}},"92":{"start":{"line":196,"column":8},"end":{"line":196,"column":null}},"93":{"start":{"line":196,"column":21},"end":{"line":196,"column":53}},"94":{"start":{"line":196,"column":55},"end":{"line":196,"column":null}},"95":{"start":{"line":198,"column":23},"end":{"line":198,"column":49}},"96":{"start":{"line":198,"column":43},"end":{"line":198,"column":49}},"97":{"start":{"line":199,"column":6},"end":{"line":199,"column":null}},"98":{"start":{"line":199,"column":33},"end":{"line":199,"column":null}},"99":{"start":{"line":200,"column":6},"end":{"line":200,"column":null}},"100":{"start":{"line":201,"column":19},"end":{"line":203,"column":93}},"101":{"start":{"line":203,"column":39},"end":{"line":203,"column":80}},"102":{"start":{"line":204,"column":20},"end":{"line":207,"column":null}},"103":{"start":{"line":209,"column":6},"end":{"line":214,"column":null}},"104":{"start":{"line":218,"column":24},"end":{"line":218,"column":104}},"105":{"start":{"line":218,"column":82},"end":{"line":218,"column":95}},"106":{"start":{"line":219,"column":4},"end":{"line":219,"column":null}},"107":{"start":{"line":219,"column":33},"end":{"line":219,"column":null}},"108":{"start":{"line":222,"column":10},"end":{"line":222,"column":63}},"109":{"start":{"line":223,"column":27},"end":{"line":223,"column":null}},"110":{"start":{"line":224,"column":23},"end":{"line":226,"column":10}},"111":{"start":{"line":227,"column":23},"end":{"line":227,"column":92}},"112":{"start":{"line":227,"column":86},"end":{"line":227,"column":90}},"113":{"start":{"line":230,"column":18},"end":{"line":233,"column":null}},"114":{"start":{"line":231,"column":18},"end":{"line":231,"column":33}},"115":{"start":{"line":232,"column":6},"end":{"line":232,"column":null}},"116":{"start":{"line":234,"column":4},"end":{"line":234,"column":null}},"117":{"start":{"line":234,"column":28},"end":{"line":234,"column":null}},"118":{"start":{"line":237,"column":24},"end":{"line":237,"column":null}},"119":{"start":{"line":238,"column":18},"end":{"line":238,"column":45}},"120":{"start":{"line":239,"column":20},"end":{"line":239,"column":96}},"121":{"start":{"line":239,"column":53},"end":{"line":239,"column":94}},"122":{"start":{"line":239,"column":82},"end":{"line":239,"column":94}},"123":{"start":{"line":241,"column":4},"end":{"line":243,"column":null}},"124":{"start":{"line":242,"column":18},"end":{"line":242,"column":35}},"125":{"start":{"line":243,"column":6},"end":{"line":243,"column":null}},"126":{"start":{"line":243,"column":19},"end":{"line":243,"column":51}},"127":{"start":{"line":243,"column":53},"end":{"line":243,"column":null}},"128":{"start":{"line":245,"column":21},"end":{"line":245,"column":76}},"129":{"start":{"line":245,"column":41},"end":{"line":245,"column":47}},"130":{"start":{"line":245,"column":57},"end":{"line":245,"column":63}},"131":{"start":{"line":246,"column":4},"end":{"line":246,"column":null}},"132":{"start":{"line":246,"column":19},"end":{"line":246,"column":null}},"133":{"start":{"line":248,"column":4},"end":{"line":248,"column":null}},"134":{"start":{"line":249,"column":18},"end":{"line":249,"column":null}},"135":{"start":{"line":250,"column":4},"end":{"line":255,"column":null}},"136":{"start":{"line":259,"column":4},"end":{"line":259,"column":null}},"137":{"start":{"line":260,"column":4},"end":{"line":260,"column":null}},"138":{"start":{"line":261,"column":4},"end":{"line":261,"column":null}},"139":{"start":{"line":262,"column":4},"end":{"line":262,"column":null}},"140":{"start":{"line":263,"column":4},"end":{"line":263,"column":null}},"141":{"start":{"line":264,"column":4},"end":{"line":264,"column":null}},"142":{"start":{"line":265,"column":4},"end":{"line":265,"column":null}},"143":{"start":{"line":266,"column":4},"end":{"line":266,"column":null}},"144":{"start":{"line":267,"column":4},"end":{"line":267,"column":null}},"145":{"start":{"line":268,"column":4},"end":{"line":268,"column":null}},"146":{"start":{"line":269,"column":4},"end":{"line":269,"column":null}},"147":{"start":{"line":272,"column":4},"end":{"line":272,"column":null}},"148":{"start":{"line":273,"column":4},"end":{"line":273,"column":null}},"149":{"start":{"line":274,"column":4},"end":{"line":274,"column":null}},"150":{"start":{"line":274,"column":28},"end":{"line":274,"column":null}},"151":{"start":{"line":277,"column":17},"end":{"line":277,"column":43}},"152":{"start":{"line":278,"column":4},"end":{"line":278,"column":null}},"153":{"start":{"line":280,"column":4},"end":{"line":280,"column":null}},"154":{"start":{"line":281,"column":4},"end":{"line":281,"column":null}},"155":{"start":{"line":281,"column":37},"end":{"line":281,"column":null}},"156":{"start":{"line":284,"column":26},"end":{"line":284,"column":null}},"157":{"start":{"line":285,"column":22},"end":{"line":285,"column":null}},"158":{"start":{"line":287,"column":4},"end":{"line":303,"column":null}},"159":{"start":{"line":288,"column":6},"end":{"line":288,"column":null}},"160":{"start":{"line":289,"column":6},"end":{"line":289,"column":null}},"161":{"start":{"line":290,"column":6},"end":{"line":293,"column":null}},"162":{"start":{"line":294,"column":15},"end":{"line":303,"column":null}},"163":{"start":{"line":295,"column":6},"end":{"line":298,"column":null}},"164":{"start":{"line":300,"column":6},"end":{"line":303,"column":null}},"165":{"start":{"line":307,"column":2},"end":{"line":311,"column":null}},"166":{"start":{"line":308,"column":4},"end":{"line":310,"column":null}},"167":{"start":{"line":309,"column":6},"end":{"line":309,"column":null}},"168":{"start":{"line":313,"column":22},"end":{"line":313,"column":null}},"169":{"start":{"line":315,"column":2},"end":{"line":491,"column":null}},"170":{"start":{"line":318,"column":20},"end":{"line":320,"column":43}},"171":{"start":{"line":319,"column":21},"end":{"line":319,"column":41}},"172":{"start":{"line":320,"column":19},"end":{"line":320,"column":43}},"173":{"start":{"line":321,"column":6},"end":{"line":321,"column":null}},"174":{"start":{"line":324,"column":20},"end":{"line":324,"column":44}},"175":{"start":{"line":325,"column":18},"end":{"line":325,"column":null}},"176":{"start":{"line":326,"column":19},"end":{"line":326,"column":43}},"177":{"start":{"line":329,"column":6},"end":{"line":354,"column":null}},"178":{"start":{"line":330,"column":8},"end":{"line":332,"column":null}},"179":{"start":{"line":331,"column":10},"end":{"line":331,"column":null}},"180":{"start":{"line":332,"column":10},"end":{"line":332,"column":null}},"181":{"start":{"line":334,"column":8},"end":{"line":336,"column":null}},"182":{"start":{"line":335,"column":10},"end":{"line":335,"column":null}},"183":{"start":{"line":336,"column":10},"end":{"line":336,"column":null}},"184":{"start":{"line":338,"column":20},"end":{"line":349,"column":null}},"185":{"start":{"line":339,"column":23},"end":{"line":339,"column":null}},"186":{"start":{"line":340,"column":37},"end":{"line":340,"column":null}},"187":{"start":{"line":341,"column":16},"end":{"line":345,"column":12}},"188":{"start":{"line":346,"column":10},"end":{"line":346,"column":null}},"189":{"start":{"line":346,"column":71},"end":{"line":346,"column":101}},"190":{"start":{"line":347,"column":10},"end":{"line":347,"column":null}},"191":{"start":{"line":347,"column":33},"end":{"line":347,"column":56}},"192":{"start":{"line":348,"column":10},"end":{"line":348,"column":null}},"193":{"start":{"line":348,"column":33},"end":{"line":348,"column":45}},"194":{"start":{"line":350,"column":28},"end":{"line":352,"column":null}},"195":{"start":{"line":353,"column":8},"end":{"line":353,"column":null}},"196":{"start":{"line":354,"column":8},"end":{"line":354,"column":null}},"197":{"start":{"line":358,"column":6},"end":{"line":378,"column":null}},"198":{"start":{"line":359,"column":8},"end":{"line":377,"column":null}},"199":{"start":{"line":378,"column":8},"end":{"line":378,"column":null}},"200":{"start":{"line":382,"column":6},"end":{"line":385,"column":null}},"201":{"start":{"line":383,"column":8},"end":{"line":383,"column":null}},"202":{"start":{"line":384,"column":8},"end":{"line":384,"column":null}},"203":{"start":{"line":385,"column":8},"end":{"line":385,"column":null}},"204":{"start":{"line":389,"column":6},"end":{"line":411,"column":null}},"205":{"start":{"line":390,"column":22},"end":{"line":390,"column":40}},"206":{"start":{"line":391,"column":8},"end":{"line":410,"column":null}},"207":{"start":{"line":399,"column":30},"end":{"line":399,"column":null}},"208":{"start":{"line":400,"column":32},"end":{"line":400,"column":null}},"209":{"start":{"line":406,"column":12},"end":{"line":406,"column":null}},"210":{"start":{"line":407,"column":12},"end":{"line":407,"column":null}},"211":{"start":{"line":407,"column":25},"end":{"line":407,"column":null}},"212":{"start":{"line":408,"column":12},"end":{"line":408,"column":null}},"213":{"start":{"line":408,"column":36},"end":{"line":408,"column":null}},"214":{"start":{"line":411,"column":8},"end":{"line":411,"column":null}},"215":{"start":{"line":415,"column":6},"end":{"line":440,"column":null}},"216":{"start":{"line":416,"column":8},"end":{"line":418,"column":null}},"217":{"start":{"line":417,"column":10},"end":{"line":417,"column":null}},"218":{"start":{"line":418,"column":10},"end":{"line":418,"column":null}},"219":{"start":{"line":420,"column":8},"end":{"line":420,"column":null}},"220":{"start":{"line":421,"column":8},"end":{"line":421,"column":null}},"221":{"start":{"line":422,"column":25},"end":{"line":431,"column":null}},"222":{"start":{"line":423,"column":37},"end":{"line":423,"column":null}},"223":{"start":{"line":424,"column":16},"end":{"line":428,"column":12}},"224":{"start":{"line":429,"column":10},"end":{"line":429,"column":null}},"225":{"start":{"line":430,"column":10},"end":{"line":430,"column":null}
[...]
,"/home/bhd/Documents/Projects/bhd/pi-gitnexus/src/ui/main-menu.ts": {"path":"/home/bhd/Documents/Projects/bhd/pi-gitnexus/src/ui/main-menu.ts","statementMap":{"0":{"start":{"line":42,"column":2},"end":{"line":42,"column":null}},"1":{"start":{"line":42,"column":29},"end":{"line":42,"column":null}},"2":{"start":{"line":43,"column":2},"end":{"line":43,"column":null}},"3":{"start":{"line":43,"column":41},"end":{"line":43,"column":null}},"4":{"start":{"line":44,"column":14},"end":{"line":55,"column":null}},"5":{"start":{"line":45,"column":17},"end":{"line":45,"column":null}},"6":{"start":{"line":46,"column":31},"end":{"line":46,"column":null}},"7":{"start":{"line":47,"column":10},"end":{"line":51,"column":6}},"8":{"start":{"line":52,"column":4},"end":{"line":52,"column":null}},"9":{"start":{"line":52,"column":65},"end":{"line":52,"column":95}},"10":{"start":{"line":53,"column":4},"end":{"line":53,"column":null}},"11":{"start":{"line":53,"column":27},"end":{"line":53,"column":50}},"12":{"start":{"line":54,"column":4},"end":{"line":54,"column":null}},"13":{"start":{"line":54,"column":27},"end":{"line":54,"column":39}},"14":{"start":{"line":56,"column":22},"end":{"line":58,"column":null}},"15":{"start":{"line":59,"column":2},"end":{"line":59,"column":null}},"16":{"start":{"line":65,"column":2},"end":{"line":67,"column":null}},"17":{"start":{"line":66,"column":4},"end":{"line":66,"column":null}},"18":{"start":{"line":67,"column":4},"end":{"line":67,"column":null}},"19":{"start":{"line":69,"column":2},"end":{"line":69,"column":null}},"20":{"start":{"line":70,"column":2},"end":{"line":70,"column":null}},"21":{"start":{"line":71,"column":2},"end":{"line":71,"column":null}},"22":{"start":{"line":72,"column":19},"end":{"line":81,"column":null}},"23":{"start":{"line":73,"column":31},"end":{"line":73,"column":null}},"24":{"start":{"line":74,"column":10},"end":{"line":78,"column":6}},"25":{"start":{"line":79,"column":4},"end":{"line":79,"column":null}},"26":{"start":{"line":80,"column":4},"end":{"line":80,"column":null}},"27":{"start":{"line":80,"column":27},"end":{"line":80,"column":41}},"28":{"start":{"line":82,"column":2},"end":{"line":90,"column":null}},"29":{"start":{"line":83,"column":4},"end":{"line":83,"column":null}},"30":{"start":{"line":84,"column":4},"end":{"line":84,"column":null}},"31":{"start":{"line":85,"column":4},"end":{"line":85,"column":null}},"32":{"start":{"line":86,"column":4},"end":{"line":86,"column":null}},"33":{"start":{"line":88,"column":4},"end":{"line":88,"column":null}},"34":{"start":{"line":89,"column":4},"end":{"line":89,"column":null}},"35":{"start":{"line":90,"column":4},"end":{"line":90,"column":null}},"36":{"start":{"line":97,"column":2},"end":{"line":107,"column":null}},"37":{"start":{"line":113,"column":19},"end":{"line":135,"column":null}},"38":{"start":{"line":114,"column":23},"end":{"line":114,"column":48}},"39":{"start":{"line":115,"column":18},"end":{"line":115,"column":null}},"40":{"start":{"line":116,"column":20},"end":{"line":120,"column":null}},"41":{"start":{"line":121,"column":19},"end":{"line":121,"column":55}},"42":{"start":{"line":122,"column":4},"end":{"line":122,"column":null}},"43":{"start":{"line":122,"column":17},"end":{"line":122,"column":null}},"44":{"start":{"line":123,"column":4},"end":{"line":125,"column":null}},"45":{"start":{"line":124,"column":6},"end":{"line":124,"column":null}},"46":{"start":{"line":125,"column":6},"end":{"line":125,"column":null}},"47":{"start":{"line":127,"column":4},"end":{"line":131,"column":null}},"48":{"start":{"line":128,"column":6},"end":{"line":130,"column":null}},"49":{"start":{"line":129,"column":8},"end":{"line":129,"column":null}},"50":{"start":{"line":131,"column":6},"end":{"line":131,"column":null}},"51":{"start":{"line":133,"column":4},"end":{"line":135,"column":null}},"52":{"start":{"line":134,"column":6},"end":{"line":134,"column":null}},"53":{"start":{"line":135,"column":6},"end":{"line":135,"column":null}},"54":{"start":{"line":138,"column":2},"end":{"line":138,"column":null}}},"fnMap":{"0":{"name":"getStatusLine","decl":{"start":{"line":41,"column":15},"end":{"line":41,"column":29}},"loc":{"start":{"line":41,"column":65},"end":{"line":59,"column":null}},"line":41},"1":{"name":"(anonymous_1)","decl":{"start":{"line":44,"column":24},"end":{"line":44,"column":41}},"loc":{"start":{"line":44,"column":54},"end":{"line":55,"column":null}},"line":44},"2":{"name":"(anonymous_2)","decl":{"start":{"line":52,"column":20},"end":{"line":52,"column":29}},"loc":{"start":{"line":52,"column":63},"end":{"line":52,"column":null}},"line":52},"3":{"name":"(anonymous_3)","decl":{"start":{"line":53,"column":12},"end":{"line":53,"column":27}},"loc":{"start":{"line":53,"column":27},"end":{"line":53,"column":50}},"line":53},"4":{"name":"(anonymous_4)","decl":{"start":{"line":54,"column":12},"end":{"line":54,"column":27}},"loc":{"start":{"line":54,"column":27},"end":{"line":54,"column":39}},"line":54},"5":{"name":"runAnalyze","decl":{"start":{"line":64,"column":15},"end":{"line":64,"column":26}},"loc":{"start":{"line":64,"column":60},"end":{"line":90,"column":null}},"line":64},"6":{"name":"(anonymous_6)","decl":{"start":{"line":72,"column":29},"end":{"line":72,"column":53}},"loc":{"start":{"line":72,"column":66},"end":{"line":81,"column":null}},"line":72},"7":{"name":"(anonymous_7)","decl":{"start":{"line":80,"column":12},"end":{"line":80,"column":27}},"loc":{"start":{"line":80,"column":27},"end":{"line":80,"column":41}},"line":80},"8":{"name":"showHelp","decl":{"start":{"line":96,"column":9},"end":{"line":96,"column":18}},"loc":{"start":{"line":96,"column":43},"end":{"line":107,"column":null}},"line":96},"9":{"name":"openMainMenu","decl":{"start":{"line":112,"column":22},"end":{"line":112,"column":35}},"loc":{"start":{"line":112,"column":69},"end":{"line":138,"column":null}},"line":112},"10":{"name":"(anonymous_10)","decl":{"start":{"line":113,"column":19},"end":{"line":113,"column":46}},"loc":{"start":{"line":113,"column":46},"end":{"line":135,"column":null}},"line":113},"11":{"name":"(anonymous_11)","decl":{"start":{"line":128,"column":60},"end":{"line":128,"column":72}},"loc":{"start":{"line":128,"column":72},"end":{"line":130,"column":null}},"line":128}},"branchMap":{"0":{"loc":{"start":{"line":42,"column":2},"end":{"line":42,"column":null}},"type":"if","locations":[{"start":{"line":42,"column":2},"end":{"line":42,"column":null}},{"start":{},"end":{}}],"line":42},"1":{"loc":{"start":{"line":43,"column":2},"end":{"line":43,"column":null}},"type":"if","locations":[{"start":{"line":43,"column":2},"end":{"line":43,"column":null}},{"start":{},"end":{}}],"line":43},"2":{"loc":{"start":{"line":56,"column":22},"end":{"line":58,"column":null}},"type":"cond-expr","locations":[{"start":{"line":57,"column":6},"end":{"line":57,"column":null}},{"start":{"line":58,"column":6},"end":{"line":58,"column":null}}],"line":56},"3":{"loc":{"start":{"line":59,"column":10},"end":{"line":59,"column":35}},"type":"cond-expr","locations":[{"start":{"line":59,"column":16},"end":{"line":59,"column":29}},{"start":{"line":59,"column":29},"end":{"line":59,"column":35}}],"line":59},"4":{"loc":{"start":{"line":65,"column":2},"end":{"line":67,"column":null}},"type":"if","locations":[{"start":{"line":65,"column":2},"end":{"line":67,"column":null}},{"start":{},"end":{}}],"line":65},"5":{"loc":{"start":{"line":82,"column":2},"end":{"line":90,"column":null}},"type":"if","locations":[{"start":{"line":82,"column":2},"end":{"line":90,"column":null}},{"start":{"line":87,"column":9},"end":{"line":90,"column":null}}],"line":82},"6":{"loc":{"start":{"line":122,"column":4},"end":{"line":122,"column":null}},"type":"if","locations":[{"start":{"line":122,"column":4},"end":{"line":122,"column":null}},{"start":{},"end":{}}],"line":122},"7":{"loc":{"start":{"line":123,"column":4},"end":{"line":125,"column":null}},"type":"if","locations":[{"start":{"line":123,"column":4},"end":{"line":125,"column":null}},{"start":{},"end":{}}],"line":123},"8":{"loc":{"start":{"line":127,"column":4},"end":{"line":131,"column":null}},"type":"if","locations":[{"start":{"line":127,"column":4},"end":{"line":131,"column":null}},{"start":{},"end":{}}],"line":127},"9":{"loc":{"start":{"line":133,"column":4},"end":{"line":135,"column":null}},"type":"if","locations":[{"start":{"line":133,"column":4},"end":{"line":135,"column":null}},{"start":{},"end":{}}],"line":133}},"s":{"0":0,"1":0,"2":0,"3":0,"4":0,"5":0,"6":0,"7":0,"8":0,"9":0,"10":0,"11":0,"12":0,"13":0,"14":0,"15":0,"16":0,"17":0,"18":0,"19":0,"20":0,"21":0,"22":0,"23":0,"24":0,"25":0,"26":0,"27":0,"28":0,"29":0,"30":0,"31":0,"32":0,"33":0,"34":0,"35":0,"36":0,"37":0,"38":0,"39":0,"40":0,"41":0,"42":0,"43":0,"44":0,"45":0,"46":0,"47":0,"48":0,"49":0,"50":0,"51":0,"52":0,"53":0,"54":0},"f":{"0":0,"1":0,"2":0,"3":0,"4":0,"5":0,"6":0,"7":0,"8":0,"9":0,"10":0,"11":0},"b":{"0":[0,0],"1":[0,0],"2":[0,0],"3":[0,0],"4":[0,0],"5":[0,0],"6":[0,0],"7":[0,0],"8":[0,0],"9":[0,0]},"meta":{"lastBranch":10,"lastFunction":12,"lastStatement":55,"seen":{"f:41:15:41:29":0,"b:42:2:42:Infinity:undefined:undefined:undefined:undefined":0,"s:42:2:42:Infinity":0,"s:42:29:42:Infinity":1,"b:43:2:43:Infinity:undefined:undefined:undefined:undefined":1,"s:43:2:43:Infinity":2,"s:43:41:43:Infinity":3,"s:44:14:55:Infinity":4,"f:44:24:44:41":1,"s:45:17:45:Infinity":5,"s:46:31:46:Infinity":6,"s:47:10:51:6":7,"s:52:4:52:Infinity":8,"f:52:20:52:29":2,"s:52:65:52:95":9,"s:53:4:53:Infinity":10,"f:53:12:53:27":3,"s:53:27:53:50":11,"s:54:4:54:Infinity":12,"f:54:12:54:27":4,"s:54:27:54:39":13,"s:56:22:58:Infinity":14,"b:57:6:57:Infinity:58:6:58:Infinity":2,"s:59:2:59:Infinity":15,"b:59:16:59:29:59:29:59:35":3,"f:64:15:64:26":5,"b:65:2:67:Infinity:undefined:undefined:undefined:undefined":4,"s:65:2:67:Infinity":16,"s:66:4:66:Infinity":17,"s:67:4:67:Infinity":18,"s:69:2:69:Infinity":19,"s:70:2:70:Infinity":20,"s:71:2:71:Infinity":21,"s:72:19:81:Infinity":22,"f:72:29:72:53":6,"s:73:31:73:Infinity":23,"s:74:10:78:6":24,"s:79:4:79:Infinity":25,"s:80:4:80:Infinity":26,"f:80:12:80:27":7,"s:80:27:80:41":27,"b:82:2:90:Infinity:87:9:90:Infinity":5,"s:82:2:90:Infinity":28,"s:83:4:83:Infinity":29,"s:84:4:84:Infinity":30,"s:85:4:85:Infinity":31,"s:86:4:86:Infinity":32,"s:88:4:88:Infinity":33,"s:89:4:89:Infinity":34,"s:90:4:90:Infinity":35,"f:96:9:96:18":8,"s:97:2:107:Infinity":36,"f:112:22:112:35":9,"s:113:19:135:Infinity":37,"f:113:19:113:46":10,"s:114:23:114:48":38,"s:115:18:115:Infinity":39,"s:116:20:120:Infinity":40,"s:121:19:121:55":41,"b:122:4:122:Infinity:undefined:undefined:undefined:undefined":6,"s:122:4:122:Infinity":42,"s:122:17:122:Infinity":43,"b:123:4:125:Infinity:undefined:undefined:undefined:undefined":7,"s:123:4:125:Infinity":44,"s:124:6:124:Infinity":45,"s:125:6:125:Infinity":46,"b:127:4:131:Infinity:undefined:undefined:undefined:undefined":8,"s:127:4:131:Infinity":47,"s:128:6:130:Infinity":48,"f:128:60:128:72":11,"s:129:8:129:Infinity":49,"s:131:6:131:Infinity":50,"b:133:4:135:Infinity:undefined:undefined:undefined:undefined":9,"s:133:4:135:Infinity":51,"s:134:6:134:Infinity":52,"s:135:6:135:Infinity":53,"s:138:2:138:Infinity":54}}}
,"/home/bhd/Documents/Projects/bhd/pi-gitnexus/src/ui/settings-menu.ts": {"path":"/home/bhd/Documents/Projects/bhd/pi-gitnexus/src/ui/settings-menu.ts","statementMap":{"0":{"start":{"line":29,"column":2},"end":{"line":122,"column":null}},"1":{"start":{"line":30,"column":33},"end":{"line":80,"column":null}},"2":{"start":{"line":82,"column":17},"end":{"line":110,"column":null}},"3":{"start":{"line":87,"column":8},"end":{"line":90,"column":null}},"4":{"start":{"line":88,"column":10},"end":{"line":88,"column":null}},"5":{"start":{"line":89,"column":10},"end":{"line":89,"column":null}},"6":{"start":{"line":90,"column":10},"end":{"line":90,"column":null}},"7":{"start":{"line":92,"column":8},"end":{"line":94,"column":null}},"8":{"start":{"line":93,"column":10},"end":{"line":93,"column":null}},"9":{"start":{"line":94,"column":10},"end":{"line":94,"column":null}},"10":{"start":{"line":96,"column":8},"end":{"line":98,"column":null}},"11":{"start":{"line":97,"column":10},"end":{"line":97,"column":null}},"12":{"start":{"line":98,"column":10},"end":{"line":98,"column":null}},"13":{"start":{"line":100,"column":8},"end":{"line":102,"column":null}},"14":{"start":{"line":101,"column":10},"end":{"line":101,"column":null}},"15":{"start":{"line":102,"column":10},"end":{"line":102,"column":null}},"16":{"start":{"line":104,"column":8},"end":{"line":106,"column":null}},"17":{"start":{"line":105,"column":10},"end":{"line":105,"column":null}},"18":{"start":{"line":106,"column":10},"end":{"line":106,"column":null}},"19":{"start":{"line":109,"column":27},"end":{"line":109,"column":null}},"20":{"start":{"line":112,"column":22},"end":{"line":112,"column":37}},"21":{"start":{"line":113,"column":4},"end":{"line":113,"column":null}},"22":{"start":{"line":114,"column":4},"end":{"line":114,"column":null}},"23":{"start":{"line":115,"column":4},"end":{"line":115,"column":null}},"24":{"start":{"line":117,"column":4},"end":{"line":121,"column":null}},"25":{"start":{"line":118,"column":29},"end":{"line":118,"column":48}},"26":{"start":{"line":119,"column":24},"end":{"line":119,"column":46}},"27":{"start":{"line":120,"column":37},"end":{"line":120,"column":null}},"28":{"start":{"line":124,"column":2},"end":{"line":124,"column":null}}},"fnMap":{"0":{"name":"openSettingsMenu","decl":{"start":{"line":23,"column":22},"end":{"line":23,"column":null}},"loc":{"start":{"line":28,"column":17},"end":{"line":124,"column":null}},"line":28},"1":{"name":"(anonymous_1)","decl":{"start":{"line":29,"column":11},"end":{"line":29,"column":19}},"loc":{"start":{"line":29,"column":46},"end":{"line":122,"column":null}},"line":29},"2":{"name":"(anonymous_2)","decl":{"start":{"line":86,"column":22},"end":{"line":86,"column":26}},"loc":{"start":{"line":86,"column":39},"end":{"line":106,"column":null}},"line":86},"3":{"name":"(anonymous_3)","decl":{"start":{"line":109,"column":27},"end":{"line":109,"column":32}},"loc":{"start":{"line":109,"column":27},"end":{"line":109,"column":null}},"line":109},"4":{"name":"(anonymous_4)","decl":{"start":{"line":118,"column":6},"end":{"line":118,"column":15}},"loc":{"start":{"line":118,"column":29},"end":{"line":118,"column":48}},"line":118},"5":{"name":"(anonymous_5)","decl":{"start":{"line":119,"column":6},"end":{"line":119,"column":24}},"loc":{"start":{"line":119,"column":24},"end":{"line":119,"column":46}},"line":119},"6":{"name":"(anonymous_6)","decl":{"start":{"line":120,"column":6},"end":{"line":120,"column":20}},"loc":{"start":{"line":120,"column":37},"end":{"line":120,"column":null}},"line":120}},"branchMap":{"0":{"loc":{"start":{"line":38,"column":22},"end":{"line":38,"column":null}},"type":"cond-expr","locations":[{"start":{"line":38,"column":45},"end":{"line":38,"column":52}},{"start":{"line":38,"column":52},"end":{"line":38,"column":null}}],"line":38},"1":{"loc":{"start":{"line":48,"column":29},"end":{"line":48,"column":53}},"type":"binary-expr","locations":[{"start":{"line":48,"column":29},"end":{"line":48,"column":51}},{"start":{"line":48,"column":51},"end":{"line":48,"column":53}}],"line":48},"2":{"loc":{"start":{"line":57,"column":29},"end":{"line":57,"column":59}},"type":"binary-expr","locations":[{"start":{"line":57,"column":29},"end":{"line":57,"column":57}},{"start":{"line":57,"column":57},"end":{"line":57,"column":59}}],"line":57},"3":{"loc":{"start":{"line":67,"column":29},"end":{"line":67,"column":59}},"type":"binary-expr","locations":[{"start":{"line":67,"column":29},"end":{"line":67,"column":57}},{"start":{"line":67,"column":57},"end":{"line":67,"column":59}}],"line":67},"4":{"loc":{"start":{"line":77,"column":22},"end":{"line":77,"column":null}},"type":"binary-expr","locations":[{"start":{"line":77,"column":22},"end":{"line":77,"column":33}},{"start":{"line":77,"column":33},"end":{"line":77,"column":null}}],"line":77},"5":{"loc":{"start":{"line":87,"column":8},"end":{"line":90,"column":null}},"type":"if","locations":[{"start":{"line":87,"column":8},"end":{"line":90,"column":null}},{"start":{},"end":{}}],"line":87},"6":{"loc":{"start":{"line":92,"column":8},"end":{"line":94,"column":null}},"type":"if","locations":[{"start":{"line":92,"column":8},"end":{"line":94,"column":null}},{"start":{},"end":{}}],"line":92},"7":{"loc":{"start":{"line":96,"column":8},"end":{"line":98,"column":null}},"type":"if","locations":[{"start":{"line":96,"column":8},"end":{"line":98,"column":null}},{"start":{},"end":{}}],"line":96},"8":{"loc":{"start":{"line":100,"column":8},"end":{"line":102,"column":null}},"type":"if","locations":[{"start":{"line":100,"column":8},"end":{"line":102,"column":null}},{"start":{},"end":{}}],"line":100},"9":{"loc":{"start":{"line":104,"column":8},"end":{"line":106,"column":null}},"type":"if","locations":[{"start":{"line":104,"column":8},"end":{"line":106,"column":null}},{"start":{},"end":{}}],"line":104}},"s":{"0":0,"1":0,"2":0,"3":0,"4":0,"5":0,"6":0,"7":0,"8":0,"9":0,"10":0,"11":0,"12":0,"13":0,"14":0,"15":0,"16":0,"17":0,"18":0,"19":0,"20":0,"21":0,"22":0,"23":0,"24":0,"25":0,"26":0,"27":0,"28":0},"f":{"0":0,"1":0,"2":0,"3":0,"4":0,"5":0,"6":0},"b":{"0":[0,0],"1":[0,0],"2":[0,0],"3":[0,0],"4":[0,0],"5":[0,0],"6":[0,0],"7":[0,0],"8":[0,0],"9":[0,0]},"meta":{"lastBranch":10,"lastFunction":7,"lastStatement":29,"seen":{"f:23:22:23:Infinity":0,"s:29:2:122:Infinity":0,"f:29:11:29:19":1,"s:30:33:80:Infinity":1,"b:38:45:38:52:38:52:38:Infinity":0,"b:48:29:48:51:48:51:48:53":1,"b:57:29:57:57:57:57:57:59":2,"b:67:29:67:57:67:57:67:59":3,"b:77:22:77:33:77:33:77:Infinity":4,"s:82:17:110:Infinity":2,"f:86:22:86:26":2,"b:87:8:90:Infinity:undefined:undefined:undefined:undefined":5,"s:87:8:90:Infinity":3,"s:88:10:88:Infinity":4,"s:89:10:89:Infinity":5,"s:90:10:90:Infinity":6,"b:92:8:94:Infinity:undefined:undefined:undefined:undefined":6,"s:92:8:94:Infinity":7,"s:93:10:93:Infinity":8,"s:94:10:94:Infinity":9,"b:96:8:98:Infinity:undefined:undefined:undefined:undefined":7,"s:96:8:98:Infinity":10,"s:97:10:97:Infinity":11,"s:98:10:98:Infinity":12,"b:100:8:102:Infinity:undefined:undefined:undefined:undefined":8,"s:100:8:102:Infinity":13,"s:101:10:101:Infinity":14,"s:102:10:102:Infinity":15,"b:104:8:106:Infinity:undefined:undefined:undefined:undefined":9,"s:104:8:106:Infinity":16,"s:105:10:105:Infinity":17,"s:106:10:106:Infinity":18,"f:109:27:109:32":3,"s:109:27:109:Infinity":19,"s:112:22:112:37":20,"s:113:4:113:Infinity":21,"s:114:4:114:Infinity":22,"s:115:4:115:Infinity":23,"s:117:4:121:Infinity":24,"f:118:6:118:15":4,"s:118:29:118:48":25,"f:119:6:119:24":5,"s:119:24:119:46":26,"f:120:6:120:20":6,"s:120:37:120:Infinity":27,"s:124:2:124:Infinity":28}}}
}
